[    0.000000] Initializing cgroup subsys cpuset
[    0.000000] Initializing cgroup subsys cpu
[    0.000000] Initializing cgroup subsys cpuacct
[    0.000000] Linux version 4.4.0-173-generic (buildd@lgw01-amd64-037) (gcc version 5.4.0 20160609 (Ubuntu 5.4.0-6ubuntu1~16.04.12) ) #203-Ubuntu SMP Wed Jan 15 02:55:01 UTC 2020 (Ubuntu 4.4.0-173.203-generic 4.4.208)
[    0.000000] Command line: BOOT_IMAGE=/boot/vmlinuz-4.4.0-173-generic root=LABEL=cloudimg-rootfs ro console=tty1 console=ttyS0
[    0.000000] KERNEL supported cpus:
[    0.000000]   Intel GenuineIntel
[    0.000000]   AMD AuthenticAMD
[    0.000000]   Centaur CentaurHauls
[    0.000000] x86/fpu: xstate_offset[2]:  576, xstate_sizes[2]:  256
[    0.000000] x86/fpu: Supporting XSAVE feature 0x01: 'x87 floating point registers'
[    0.000000] x86/fpu: Supporting XSAVE feature 0x02: 'SSE registers'
[    0.000000] x86/fpu: Supporting XSAVE feature 0x04: 'AVX registers'
[    0.000000] x86/fpu: Enabled xstate features 0x7, context size is 832 bytes, using 'standard' format.
[    0.000000] e820: BIOS-provided physical RAM map:
[    0.000000] BIOS-e820: [mem 0x0000000000000000-0x000000000009fbff] usable
[    0.000000] BIOS-e820: [mem 0x000000000009fc00-0x000000000009ffff] reserved
[    0.000000] BIOS-e820: [mem 0x00000000000f0000-0x00000000000fffff] reserved
[    0.000000] BIOS-e820: [mem 0x0000000000100000-0x000000003ffeffff] usable
[    0.000000] BIOS-e820: [mem 0x000000003fff0000-0x000000003fffffff] ACPI data
[    0.000000] BIOS-e820: [mem 0x00000000fec00000-0x00000000fec00fff] reserved
[    0.000000] BIOS-e820: [mem 0x00000000fee00000-0x00000000fee00fff] reserved
[    0.000000] BIOS-e820: [mem 0x00000000fffc0000-0x00000000ffffffff] reserved
[    0.000000] NX (Execute Disable) protection: active
[    0.000000] SMBIOS 2.5 present.
[    0.000000] Hypervisor detected: KVM
[    0.000000] e820: last_pfn = 0x3fff0 max_arch_pfn = 0x400000000
[    0.000000] MTRR: Disabled
[    0.000000] x86/PAT: MTRRs disabled, skipping PAT initialization too.
[    0.000000] CPU MTRRs all blank - virtualized system.
[    0.000000] x86/PAT: Configuration [0-7]: WB  WT  UC- UC  WB  WT  UC- UC  
[    0.000000] found SMP MP-table at [mem 0x0009fff0-0x0009ffff] mapped at [ffff88000009fff0]
[    0.000000] Scanning 1 areas for low memory corruption
[    0.000000] RAMDISK: [mem 0x362e4000-0x37169fff]
[    0.000000] ACPI: Early table checksum verification disabled
[    0.000000] ACPI: RSDP 0x00000000000E0000 000024 (v02 VBOX  )
[    0.000000] ACPI: XSDT 0x000000003FFF0030 00003C (v01 VBOX   VBOXXSDT 00000001 ASL  00000061)
[    0.000000] ACPI: FACP 0x000000003FFF00F0 0000F4 (v04 VBOX   VBOXFACP 00000001 ASL  00000061)
[    0.000000] ACPI: DSDT 0x000000003FFF0470 0022EA (v02 VBOX   VBOXBIOS 00000002 INTL 20100528)
[    0.000000] ACPI: FACS 0x000000003FFF0200 000040
[    0.000000] ACPI: FACS 0x000000003FFF0200 000040
[    0.000000] ACPI: APIC 0x000000003FFF0240 00005C (v02 VBOX   VBOXAPIC 00000001 ASL  00000061)
[    0.000000] ACPI: SSDT 0x000000003FFF02A0 0001CC (v01 VBOX   VBOXCPUT 00000002 INTL 20100528)
[    0.000000] No NUMA configuration found
[    0.000000] Faking a node at [mem 0x0000000000000000-0x000000003ffeffff]
[    0.000000] NODE_DATA(0) allocated [mem 0x3ffeb000-0x3ffeffff]
[    0.000000] kvm-clock: Using msrs 4b564d01 and 4b564d00
[    0.000000] kvm-clock: cpu 0, msr 0:3ffe3001, primary cpu clock
[    0.000000] kvm-clock: using sched offset of 3576680887 cycles
[    0.000000] clocksource: kvm-clock: mask: 0xffffffffffffffff max_cycles: 0x1cd42e4dffb, max_idle_ns: 881590591483 ns
[    0.000000] Zone ranges:
[    0.000000]   DMA      [mem 0x0000000000001000-0x0000000000ffffff]
[    0.000000]   DMA32    [mem 0x0000000001000000-0x000000003ffeffff]
[    0.000000]   Normal   empty
[    0.000000]   Device   empty
[    0.000000] Movable zone start for each node
[    0.000000] Early memory node ranges
[    0.000000]   node   0: [mem 0x0000000000001000-0x000000000009efff]
[    0.000000]   node   0: [mem 0x0000000000100000-0x000000003ffeffff]
[    0.000000] Initmem setup node 0 [mem 0x0000000000001000-0x000000003ffeffff]
[    0.000000] ACPI: PM-Timer IO Port: 0x4008
[    0.000000] IOAPIC[0]: apic_id 2, version 32, address 0xfec00000, GSI 0-23
[    0.000000] ACPI: INT_SRC_OVR (bus 0 bus_irq 0 global_irq 2 dfl dfl)
[    0.000000] ACPI: INT_SRC_OVR (bus 0 bus_irq 9 global_irq 9 low level)
[    0.000000] Using ACPI (MADT) for SMP configuration information
[    0.000000] smpboot: Allowing 2 CPUs, 0 hotplug CPUs
[    0.000000] PM: Registered nosave memory: [mem 0x00000000-0x00000fff]
[    0.000000] PM: Registered nosave memory: [mem 0x0009f000-0x0009ffff]
[    0.000000] PM: Registered nosave memory: [mem 0x000a0000-0x000effff]
[    0.000000] PM: Registered nosave memory: [mem 0x000f0000-0x000fffff]
[    0.000000] e820: [mem 0x40000000-0xfebfffff] available for PCI devices
[    0.000000] Booting paravirtualized kernel on KVM
[    0.000000] clocksource: refined-jiffies: mask: 0xffffffff max_cycles: 0xffffffff, max_idle_ns: 7645519600211568 ns
[    0.000000] setup_percpu: NR_CPUS:512 nr_cpumask_bits:512 nr_cpu_ids:2 nr_node_ids:1
[    0.000000] PERCPU: Embedded 33 pages/cpu @ffff88003fc00000 s95448 r8192 d31528 u1048576
[    0.000000] Built 1 zonelists in Node order, mobility grouping on.  Total pages: 257912
[    0.000000] Policy zone: DMA32
[    0.000000] Kernel command line: BOOT_IMAGE=/boot/vmlinuz-4.4.0-173-generic root=LABEL=cloudimg-rootfs ro console=tty1 console=ttyS0
[    0.000000] PID hash table entries: 4096 (order: 3, 32768 bytes)
[    0.000000] Memory: 997680K/1048120K available (8626K kernel code, 1336K rwdata, 4032K rodata, 1488K init, 1292K bss, 50440K reserved, 0K cma-reserved)
[    0.000000] SLUB: HWalign=64, Order=0-3, MinObjects=0, CPUs=2, Nodes=1
[    0.000000] Kernel/User page tables isolation: enabled
[    0.000000] Hierarchical RCU implementation.
[    0.000000] 	Build-time adjustment of leaf fanout to 64.
[    0.000000] 	RCU restricting CPUs from NR_CPUS=512 to nr_cpu_ids=2.
[    0.000000] RCU: Adjusting geometry for rcu_fanout_leaf=64, nr_cpu_ids=2
[    0.000000] NR_IRQS:33024 nr_irqs:440 16
[    0.000000] Console: colour VGA+ 80x25
[    0.000000] console [tty1] enabled
[    0.000000] console [ttyS0] enabled
[    0.000000] tsc: Detected 2591.998 MHz processor
[    0.180106] Calibrating delay loop (skipped) preset value.. 5183.99 BogoMIPS (lpj=10367992)
[    0.182359] pid_max: default: 32768 minimum: 301
[    0.183620] ACPI: Core revision 20150930
[    0.185488] ACPI: 2 ACPI AML tables successfully acquired and loaded
[    0.187273] Security Framework initialized
[    0.188395] Yama: becoming mindful.
[    0.189416] AppArmor: AppArmor initialized
[    0.190577] Dentry cache hash table entries: 131072 (order: 8, 1048576 bytes)
[    0.193973] Inode-cache hash table entries: 65536 (order: 7, 524288 bytes)
[    0.195823] Mount-cache hash table entries: 2048 (order: 2, 16384 bytes)
[    0.197480] Mountpoint-cache hash table entries: 2048 (order: 2, 16384 bytes)
[    0.199405] Initializing cgroup subsys io
[    0.200497] Initializing cgroup subsys memory
[    0.201652] Initializing cgroup subsys devices
[    0.202824] Initializing cgroup subsys freezer
[    0.204036] Initializing cgroup subsys net_cls
[    0.205211] Initializing cgroup subsys perf_event
[    0.206436] Initializing cgroup subsys net_prio
[    0.207677] Initializing cgroup subsys hugetlb
[    0.208856] Initializing cgroup subsys pids
[    0.210970] mce: CPU supports 0 MCE banks
[    0.212096] Last level iTLB entries: 4KB 64, 2MB 8, 4MB 8
[    0.213473] Last level dTLB entries: 4KB 64, 2MB 0, 4MB 0, 1GB 4
[    0.214977] Spectre V1 : Mitigation: usercopy/swapgs barriers and __user pointer sanitization
[    0.217684] Spectre V2 : Mitigation: Full generic retpoline
[    0.219110] Spectre V2 : Spectre v2 / SpectreRSB mitigation: Filling RSB on context switch
[    0.221373] Speculative Store Bypass: Vulnerable
[    0.222662] MDS: Mitigation: Clear CPU buffers
[    0.226542] Freeing SMP alternatives memory: 36K
[    0.234104] ftrace: allocating 32304 entries in 127 pages
[    0.293068] smpboot: APIC(0) Converting physical 0 to logical package 0
[    0.295008] smpboot: Max logical packages: 1
[    0.296544] x2apic enabled
[    0.297558] Switched APIC routing to physical x2apic.
[    0.299894] ..TIMER: vector=0x30 apic1=0 pin1=2 apic2=-1 pin2=-1
[    0.409819] smpboot: CPU0: Intel(R) Core(TM) i7-6700HQ CPU @ 2.60GHz (family: 0x6, model: 0x5e, stepping: 0x3)
[    0.413098] Performance Events: unsupported p6 CPU model 94 no PMU driver, software events only.
[    0.426346] KVM setup paravirtual spinlock
[    0.428447] x86: Booting SMP configuration:
[    0.429592] .... node  #0, CPUs:      #1
[    0.430862] kvm-clock: cpu 1, msr 0:3ffe3041, secondary cpu clock
[    0.433116] mce: CPU supports 0 MCE banks
[    0.435922] x86: Booted up 1 node, 2 CPUs
[    0.437342] smpboot: Total of 2 processors activated (10367.99 BogoMIPS)
[    0.439564] devtmpfs: initialized
[    0.442458] evm: security.selinux
[    0.443620] evm: security.SMACK64
[    0.444611] evm: security.SMACK64EXEC
[    0.445825] evm: security.SMACK64TRANSMUTE
[    0.447074] evm: security.SMACK64MMAP
[    0.448101] evm: security.ima
[    0.448990] evm: security.capability
[    0.450155] clocksource: jiffies: mask: 0xffffffff max_cycles: 0xffffffff, max_idle_ns: 7645041785100000 ns
[    0.452669] futex hash table entries: 512 (order: 3, 32768 bytes)
[    0.454296] pinctrl core: initialized pinctrl subsystem
[    0.455745] RTC time:  9:03:17, date: 02/05/20
[    0.457103] NET: Registered protocol family 16
[    0.471527] cpuidle: using governor ladder
[    0.483614] cpuidle: using governor menu
[    0.486135] PCCT header not found.
[    0.487885] ACPI: bus type PCI registered
[    0.489691] acpiphp: ACPI Hot Plug PCI Controller Driver version: 0.5
[    0.492000] PCI: Using configuration type 1 for base access
[    0.508485] ACPI: Added _OSI(Module Device)
[    0.509963] ACPI: Added _OSI(Processor Device)
[    0.511420] ACPI: Added _OSI(3.0 _SCP Extensions)
[    0.513025] ACPI: Added _OSI(Processor Aggregator Device)
[    0.515730] ACPI: Executed 1 blocks of module-level executable AML code
[    0.520130] ACPI: Interpreter enabled
[    0.521405] ACPI: (supports S0 S5)
[    0.522468] ACPI: Using IOAPIC for interrupt routing
[    0.524434] PCI: Using host bridge windows from ACPI; if necessary, use "pci=nocrs" and report a bug
[    0.531971] ACPI: PCI Root Bridge [PCI0] (domain 0000 [bus 00-ff])
[    0.534016] acpi PNP0A03:00: _OSC: OS supports [ASPM ClockPM Segments MSI]
[    0.536328] acpi PNP0A03:00: _OSC: not requesting OS control; OS requires [ExtendedConfig ASPM ClockPM MSI]
[    0.539339] acpi PNP0A03:00: fail to add MMCONFIG information, can't access extended PCI configuration space under this bridge.
[    0.542710] PCI host bridge to bus 0000:00
[    0.543852] pci_bus 0000:00: root bus resource [io  0x0000-0x0cf7 window]
[    0.545880] pci_bus 0000:00: root bus resource [io  0x0d00-0xffff window]
[    0.548224] pci_bus 0000:00: root bus resource [mem 0x000a0000-0x000bffff window]
[    0.550355] pci_bus 0000:00: root bus resource [mem 0x40000000-0xfdffffff window]
[    0.552647] pci_bus 0000:00: root bus resource [bus 00-ff]
[    0.557258] pci 0000:00:01.1: legacy IDE quirk: reg 0x10: [io  0x01f0-0x01f7]
[    0.559539] pci 0000:00:01.1: legacy IDE quirk: reg 0x14: [io  0x03f6]
[    0.561680] pci 0000:00:01.1: legacy IDE quirk: reg 0x18: [io  0x0170-0x0177]
[    0.563826] pci 0000:00:01.1: legacy IDE quirk: reg 0x1c: [io  0x0376]
[    0.588759] pci 0000:00:07.0: quirk: [io  0x4000-0x403f] claimed by PIIX4 ACPI
[    0.591344] pci 0000:00:07.0: quirk: [io  0x4100-0x410f] claimed by PIIX4 SMB
[    0.602293] ACPI: PCI Interrupt Link [LNKA] (IRQs 5 9 10 *11)
[    0.604878] ACPI: PCI Interrupt Link [LNKB] (IRQs 5 9 *10 11)
[    0.606997] ACPI: PCI Interrupt Link [LNKC] (IRQs 5 *9 10 11)
[    0.608913] ACPI: PCI Interrupt Link [LNKD] (IRQs 5 9 10 *11)
[    0.610887] ACPI: Enabled 2 GPEs in block 00 to 07
[    0.612618] vgaarb: setting as boot device: PCI:0000:00:02.0
[    0.614202] vgaarb: device added: PCI:0000:00:02.0,decodes=io+mem,owns=io+mem,locks=none
[    0.616606] vgaarb: loaded
[    0.617483] vgaarb: bridge control possible 0000:00:02.0
[    0.619370] SCSI subsystem initialized
[    0.620533] ACPI: bus type USB registered
[    0.621652] usbcore: registered new interface driver usbfs
[    0.623358] usbcore: registered new interface driver hub
[    0.625169] usbcore: registered new device driver usb
[    0.626831] PCI: Using ACPI for IRQ routing
[    0.628662] NetLabel: Initializing
[    0.630277] NetLabel:  domain hash size = 128
[    0.631720] NetLabel:  protocols = UNLABELED CIPSOv4
[    0.634417] NetLabel:  unlabeled traffic allowed by default
[    0.636049] amd_nb: Cannot enumerate AMD northbridges
[    0.637490] clocksource: Switched to clocksource kvm-clock
[    0.646544] AppArmor: AppArmor Filesystem Enabled
[    0.648156] pnp: PnP ACPI init
[    0.650245] pnp: PnP ACPI: found 3 devices
[    0.660693] clocksource: acpi_pm: mask: 0xffffff max_cycles: 0xffffff, max_idle_ns: 2085701024 ns
[    0.663504] NET: Registered protocol family 2
[    0.664806] TCP established hash table entries: 8192 (order: 4, 65536 bytes)
[    0.666635] TCP bind hash table entries: 8192 (order: 5, 131072 bytes)
[    0.668492] TCP: Hash tables configured (established 8192 bind 8192)
[    0.670193] UDP hash table entries: 512 (order: 2, 16384 bytes)
[    0.671741] UDP-Lite hash table entries: 512 (order: 2, 16384 bytes)
[    0.673359] NET: Registered protocol family 1
[    0.674568] pci 0000:00:00.0: Limiting direct PCI/PCI transfers
[    0.676103] pci 0000:00:01.0: Activating ISA DMA hang workarounds
[    0.677856] Unpacking initramfs...
[    0.893784] Freeing initrd memory: 14872K
[    0.895389] clocksource: tsc: mask: 0xffffffffffffffff max_cycles: 0x255cb518234, max_idle_ns: 440795279333 ns
[    0.898442] platform rtc_cmos: registered platform RTC device (no PNP device found)
[    0.900525] Scanning for low memory corruption every 60 seconds
[    0.902718] audit: initializing netlink subsys (disabled)
[    0.904089] audit: type=2000 audit(1580893402.433:1): initialized
[    0.905813] Initialise system trusted keyring
[    0.907284] HugeTLB registered 2 MB page size, pre-allocated 0 pages
[    0.910826] zbud: loaded
[    0.912415] VFS: Disk quotas dquot_6.6.0
[    0.913523] VFS: Dquot-cache hash table entries: 512 (order 0, 4096 bytes)
[    0.915473] squashfs: version 4.0 (2009/01/31) Phillip Lougher
[    0.917380] fuse init (API version 7.23)
[    0.918972] Key type big_key registered
[    0.920132] Allocating IMA MOK and blacklist keyrings.
[    0.923125] Key type asymmetric registered
[    0.924247] Asymmetric key parser 'x509' registered
[    0.925554] Block layer SCSI generic (bsg) driver version 0.4 loaded (major 249)
[    0.927714] io scheduler noop registered
[    0.929063] io scheduler deadline registered (default)
[    0.930650] io scheduler cfq registered
[    0.931829] pci_hotplug: PCI Hot Plug PCI Core version: 0.5
[    0.933254] pciehp: PCI Express Hot Plug Controller Driver version: 0.4
[    0.935579] ACPI: AC Adapter [AC] (off-line)
[    0.936788] input: Power Button as /devices/LNXSYSTM:00/LNXPWRBN:00/input/input0
[    0.939272] ACPI: Power Button [PWRF]
[    0.940475] input: Sleep Button as /devices/LNXSYSTM:00/LNXSLPBN:00/input/input1
[    0.942558] ACPI: Sleep Button [SLPF]
[    0.943763] GHES: HEST is not enabled!
[    0.945118] ACPI: Battery Slot [BAT0] (battery present)
[    0.948077] Serial: 8250/16550 driver, 32 ports, IRQ sharing enabled
[    0.970941] 00:02: ttyS0 at I/O 0x3f8 (irq = 4, base_baud = 115200) is a 16550A
[    0.976120] Linux agpgart interface v0.103
[    0.979532] loop: module loaded
[    0.981014] scsi host0: ata_piix
[    0.982207] scsi host1: ata_piix
[    0.983482] ata1: PATA max UDMA/33 cmd 0x1f0 ctl 0x3f6 bmdma 0xd000 irq 14
[    0.985328] ata2: PATA max UDMA/33 cmd 0x170 ctl 0x376 bmdma 0xd008 irq 15
[    0.987442] libphy: Fixed MDIO Bus: probed
[    0.989200] tun: Universal TUN/TAP device driver, 1.6
[    0.991023] tun: (C) 1999-2004 Max Krasnyansky <maxk@qualcomm.com>
[    0.992977] PPP generic driver version 2.4.2
[    0.994909] ehci_hcd: USB 2.0 'Enhanced' Host Controller (EHCI) Driver
[    0.996845] ehci-pci: EHCI PCI platform driver
[    0.998225] ehci-platform: EHCI generic platform driver
[    1.000093] ohci_hcd: USB 1.1 'Open' Host Controller (OHCI) Driver
[    1.001801] ohci-pci: OHCI PCI platform driver
[    1.003082] ohci-platform: OHCI generic platform driver
[    1.004555] uhci_hcd: USB Universal Host Controller Interface driver
[    1.006403] i8042: PNP: PS/2 Controller [PNP0303:PS2K,PNP0f03:PS2M] at 0x60,0x64 irq 1,12
[    1.009425] serio: i8042 KBD port at 0x60,0x64 irq 1
[    1.010859] serio: i8042 AUX port at 0x60,0x64 irq 12
[    1.012586] mousedev: PS/2 mouse device common for all mice
[    1.014812] input: AT Translated Set 2 keyboard as /devices/platform/i8042/serio0/input/input2
[    1.017724] rtc_cmos rtc_cmos: rtc core: registered rtc_cmos as rtc0
[    1.019642] rtc_cmos rtc_cmos: alarms up to one day, 114 bytes nvram
[    1.021562] i2c /dev entries driver
[    1.022675] device-mapper: uevent: version 1.0.3
[    1.024035] device-mapper: ioctl: 4.34.0-ioctl (2015-10-28) initialised: dm-devel@redhat.com
[    1.026426] ledtrig-cpu: registered to indicate activity on CPUs
[    1.028863] NET: Registered protocol family 10
[    1.030529] NET: Registered protocol family 17
[    1.032019] Key type dns_resolver registered
[    1.034036] registered taskstats version 1
[    1.035621] Loading compiled-in X.509 certificates
[    1.037677] Loaded X.509 cert 'Build time autogenerated kernel key: 4e6a82653c7e3a258f066f23f1954299de63b157'
[    1.040428] zswap: loaded using pool lzo/zbud
[    1.043742] Key type trusted registered
[    1.048150] Key type encrypted registered
[    1.049711] AppArmor: AppArmor sha1 policy hashing enabled
[    1.051141] ima: No TPM chip found, activating TPM-bypass!
[    1.052552] ima: Allocated hash algorithm: sha1
[    1.053768] evm: HMAC attrs: 0x1
[    1.055175]   Magic number: 8:814:69
[    1.056239] rtc_cmos rtc_cmos: setting system clock to 2020-02-05 09:03:17 UTC (1580893397)
[    1.059612] BIOS EDD facility v0.16 2004-Jun-25, 0 devices found
[    1.061363] EDD information not available.
[    1.148030] Freeing unused kernel memory: 1488K
[    1.149778] Write protecting the kernel read-only data: 14336k
[    1.152733] Freeing unused kernel memory: 1604K
[    1.154533] Freeing unused kernel memory: 64K
Loading, please wait...
starting version 229
[    1.171585] random: systemd-udevd: uninitialized urandom read (16 bytes read, 3 bits of entropy available)
[    1.172241] random: udevadm: uninitialized urandom read (16 bytes read, 3 bits of entropy available)
[    1.172261] random: udevadm: uninitialized urandom read (16 bytes read, 3 bits of entropy available)
[    1.180002] random: udevadm: uninitialized urandom read (16 bytes read, 3 bits of entropy available)
[    1.180045] random: udevadm: uninitialized urandom read (16 bytes read, 3 bits of entropy available)
[    1.180174] random: udevadm: uninitialized urandom read (16 bytes read, 3 bits of entropy available)
[    1.180222] random: udevadm: uninitialized urandom read (16 bytes read, 3 bits of entropy available)
[    1.180267] random: udevadm: uninitialized urandom read (16 bytes read, 3 bits of entropy available)
[    1.180316] random: udevadm: uninitialized urandom read (16 bytes read, 3 bits of entropy available)
[    1.180360] random: udevadm: uninitialized urandom read (16 bytes read, 3 bits of entropy available)
[    1.224874] e1000: Intel(R) PRO/1000 Network Driver - version 7.3.21-k8-NAPI
[    1.227355] e1000: Copyright (c) 1999-2006 Intel Corporation.
[    1.229475] Fusion MPT base driver 3.04.20
[    1.230798] Copyright (c) 1999-2008 LSI Corporation
[    1.251653] AVX2 version of gcm_enc/dec engaged.
[    1.253277] AES CTR mode by8 optimization enabled
[    1.262125] Fusion MPT SPI Host driver 3.04.20
[    1.454852] input: ImExPS/2 Generic Explorer Mouse as /devices/platform/i8042/serio1/input/input4
[    1.642036] e1000 0000:00:03.0 eth0: (PCI:33MHz:32-bit) 02:bb:f4:57:e9:87
[    1.644449] e1000 0000:00:03.0 eth0: Intel(R) PRO/1000 Network Connection
[    2.048499] e1000 0000:00:08.0 eth1: (PCI:33MHz:32-bit) 08:00:27:fe:d3:f9
[    2.050826] e1000 0000:00:08.0 eth1: Intel(R) PRO/1000 Network Connection
[    2.053754] e1000 0000:00:03.0 enp0s3: renamed from eth0
[    2.056857] mptbase: ioc0: Initiating bringup
[    2.062370] e1000 0000:00:08.0 enp0s8: renamed from eth1
[    2.400815] ioc0: LSI53C1030 A0: Capabilities={Initiator}
[    2.762786] scsi host2: ioc0: LSI53C1030 A0, FwRev=00000000h, Ports=1, MaxQ=256, IRQ=20
[    2.901421] scsi 2:0:0:0: Direct-Access     VBOX     HARDDISK         1.0  PQ: 0 ANSI: 5
[    2.904160] scsi target2:0:0: Beginning Domain Validation
[    2.907756] scsi target2:0:0: Domain Validation skipping write tests
[    2.909693] scsi target2:0:0: Ending Domain Validation
[    2.911345] scsi target2:0:0: asynchronous
[    2.913178] scsi 2:0:1:0: Direct-Access     VBOX     HARDDISK         1.0  PQ: 0 ANSI: 5
[    2.915943] scsi target2:0:1: Beginning Domain Validation
[    2.929418] scsi target2:0:1: Domain Validation skipping write tests
[    2.931419] scsi target2:0:1: Ending Domain Validation
[    2.932874] scsi target2:0:1: asynchronous
[    2.940554] sd 2:0:0:0: [sda] 20971520 512-byte logical blocks: (10.7 GB/10.0 GiB)
[    2.940699] sd 2:0:0:0: Attached scsi generic sg0 type 0
[    2.941039] sd 2:0:1:0: Attached scsi generic sg1 type 0
[    2.941317] sd 2:0:1:0: [sdb] 20480 512-byte logical blocks: (10.5 MB/10.0 MiB)
[    2.941483] sd 2:0:1:0: [sdb] Write Protect is off
[    2.941637] sd 2:0:1:0: [sdb] Incomplete mode parameter data
[    2.941638] sd 2:0:1:0: [sdb] Assuming drive cache: write through
[    2.943421] sd 2:0:1:0: [sdb] Attached SCSI disk
[    2.953954] sd 2:0:0:0: [sda] Write Protect is off
[    2.955809] sd 2:0:0:0: [sda] Incomplete mode parameter data
[    2.957265] sd 2:0:0:0: [sda] Assuming drive cache: write through
[    2.960197]  sda: sda1
[    2.961860] sd 2:0:0:0: [sda] Attached SCSI disk
Begin: Loading essential drivers ... [    4.266896] md: linear personality registered for level -1
[    4.272024] md: multipath personality registered for level -4
[    4.276705] md: raid0 personality registered for level 0
[    4.282550] md: raid1 personality registered for level 1
[    4.353805] raid6: sse2x1   gen() 10149 MB/s
[    4.421762] raid6: sse2x1   xor()  7979 MB/s
[    4.489654] raid6: sse2x2   gen() 13341 MB/s
[    4.558088] raid6: sse2x2   xor()  9503 MB/s
[    4.625749] raid6: sse2x4   gen() 15792 MB/s
[    4.693499] raid6: sse2x4   xor() 10712 MB/s
[    4.761593] raid6: avx2x1   gen() 19797 MB/s
[    4.829694] raid6: avx2x2   gen() 25526 MB/s
[    4.897829] raid6: avx2x4   gen() 28140 MB/s
[    4.899302] raid6: using algorithm avx2x4 gen() 28140 MB/s
[    4.900824] raid6: using avx2x2 recovery algorithm
[    4.903680] xor: automatically using best checksumming function:
[    4.950159]    avx       : 47029.000 MB/sec
[    4.952647] async_tx: api initialized (async)
[    4.963124] md: raid6 personality registered for level 6
[    4.965102] md: raid5 personality registered for level 5
[    4.966695] md: raid4 personality registered for level 4
[    4.974409] md: raid10 personality registered for level 10
done.
Begin: Running /scripts/init-premount ... done.
Begin: Mounting root file system ... Begin: Running /scripts/local-top ... done.
Begin: Running /scripts/local-premount ... [    5.006411] Btrfs loaded
Scanning for Btrfs filesystems
done.
Warning: fsck not present, so skipping root file system
[    5.029907] EXT4-fs (sda1): mounted filesystem with ordered data mode. Opts: (null)
done.
Begin: Running /scripts/local-bottom ... done.
Begin: Running /scripts/init-bottom ... done.
[    5.093528] systemd[1]: systemd 229 running in system mode. (+PAM +AUDIT +SELINUX +IMA +APPARMOR +SMACK +SYSVINIT +UTMP +LIBCRYPTSETUP +GCRYPT +GNUTLS +ACL +XZ -LZ4 +SECCOMP +BLKID +ELFUTILS +KMOD -IDN)
[    5.098515] systemd[1]: Detected virtualization oracle.
[    5.099925] systemd[1]: Detected architecture x86-64.

Welcome to [1mUbuntu 16.04.6 LTS[0m!

[    5.103327] systemd[1]: Set hostname to <ubuntu>.
[    5.106146] systemd[1]: Initializing machine ID from random generator.
[    5.107852] systemd[1]: Installed transient /etc/machine-id file.
[    5.197194] systemd[1]: Listening on udev Kernel Socket.
[[0;32m  OK  [0m] Listening on udev Kernel Socket.
[    5.210624] systemd[1]: Created slice User and Session Slice.
[[0;32m  OK  [0m] Created slice User and Session Slice.
[    5.221063] systemd[1]: Listening on /dev/initctl Compatibility Named Pipe.
[[0;32m  OK  [0m] Listening on /dev/initctl Compatibility Named Pipe.
[    5.227016] systemd[1]: Set up automount Arbitrary Executable File Formats File System Automount Point.
[[0;32m  OK  [0m] Set up automount Arbitrary Executab...ats File System Automount Point.
[    5.232329] systemd[1]: Started Trigger resolvconf update for networkd DNS.
[[0;32m  OK  [0m] Started Trigger resolvconf update for networkd DNS.
[    5.235874] systemd[1]: Reached target Encrypted Volumes.
[[0;32m  OK  [0m] Reached target Encrypted Volumes.
[    5.238966] systemd[1]: Created slice System Slice.
[[0;32m  OK  [0m] Created slice System Slice.
[    5.241581] systemd[1]: Reached target Slices.
[[0;32m  OK  [0m] Reached target Slices.
[    5.243986] systemd[1]: Reached target User and Group Name Lookups.
[[0;32m  OK  [0m] Reached target User and Group Name Lookups.
[    5.247237] systemd[1]: Started Forward Password Requests to Wall Directory Watch.
[[0;32m  OK  [0m] Started Forward Password Requests to Wall Directory Watch.
[    5.398381] systemd[1]: Listening on LVM2 metadata daemon socket.
[[0;32m  OK  [0m] Listening on LVM2 metadata daemon socket.
[    5.402076] systemd[1]: Listening on Journal Socket (/dev/log).
[[0;32m  OK  [0m] Listening on Journal Socket (/dev/log).
[    5.405703] systemd[1]: Listening on Device-mapper event daemon FIFOs.
[[0;32m  OK  [0m] Listening on Device-mapper event daemon FIFOs.
[    5.409583] systemd[1]: Reached target System Time Synchronized.
[[0;32m  OK  [0m] Reached target System Time Synchronized.
[    5.413247] systemd[1]: Reached target Swap.
[[0;32m  OK  [0m] Reached target Swap.
[    5.416315] systemd[1]: Created slice system-serial\x2dgetty.slice.
[[0;32m  OK  [0m] Created slice system-serial\x2dgetty.slice.
[    5.420034] systemd[1]: Listening on Journal Audit Socket.
[[0;32m  OK  [0m] Listening on Journal Audit Socket.
[    5.423366] systemd[1]: Listening on udev Control Socket.
[[0;32m  OK  [0m] Listening on udev Control Socket.
[    5.426488] systemd[1]: Listening on LVM2 poll daemon socket.
[[0;32m  OK  [0m] Listening on LVM2 poll daemon socket.
[    5.429675] systemd[1]: Listening on Journal Socket.
[[0;32m  OK  [0m] Listening on Journal Socket.
[    5.441791] systemd[1]: Mounting Debug File System...
         Mounting Debug File System...
[    5.445035] systemd[1]: Starting Set console keymap...
         Starting Set console keymap...
[    5.448608] systemd[1]: Starting Uncomplicated firewall...
         Starting Uncomplicated firewall...
[    5.452697] systemd[1]: Mounting Huge Pages File System...
         Mounting Huge Pages File System...
[    5.456870] systemd[1]: Mounting POSIX Message Queue File System...
         Mounting POSIX Message Queue File System...
[    5.462344] systemd[1]: Starting Monitoring of LVM2 mirrors, snapshots etc. using dmeventd or progress polling...
         Starting Monitoring of LVM2 mirrors... dmeventd or progress polling...
[    5.469431] systemd[1]: Starting Create list of required static device nodes for the current kernel...
         Starting Create list of required st... nodes for the current kernel...
[    5.477309] systemd[1]: Starting Remount Root and Kernel File Systems...
         Starting Remount Root and Kernel File Systems...
[    5.483053] EXT4-fs (sda1): re-mounted. Opts: (null)
[    5.485740] systemd[1]: Starting Load Kernel Modules...
         Starting Load Kernel Modules...
[    5.489303] systemd[1]: Starting Nameserver information manager...
         Starting Nameserver information manager...
[    5.494486] systemd[1]: Listening on Syslog Socket.
[[0;32m  OK  [0m] Listening on Syslog Socket.
[    5.502768] systemd[1]: Starting Journal Service...
[    5.504628] Loading iSCSI transport class v2.0-870.
         Starting Journal Service...
[    5.508674] systemd[1]: Mounted POSIX Message Queue File System.
[[0;32m  OK  [0m] Mounted POSIX Message Queue File System.
[    5.513234] systemd[1]: Mounted Huge Pages File System.
[[0;32m  OK  [0m] Mounted Huge Pages File System.
[    5.516601] systemd[1]: Mounted Debug File System.
[[0;32m  OK  [0m] Mounted Debug File System.
[    5.519248] iscsi: registered transport (tcp)
[    5.519843] systemd[1]: Started Set console keymap.
[[0;32m  OK  [0m] Started Set console keymap.
[    5.527043] systemd[1]: Started Uncomplicated firewall.
[[0;32m  OK  [0m] Started Uncomplicated firewall.
[    5.534514] systemd[1]: Started Create list of required static device nodes for the current kernel.
[[0;32m  OK  [0m] Started Create list of required sta...ce nodes for the current kernel.
[    5.542021] systemd[1]: Started Remount Root and Kernel File Systems.
[[0;32m  OK  [0m] Started Remount Root and Kernel File Systems.
[    5.548320] iscsi: registered transport (iser)
[    5.559573] systemd[1]: Started Load Kernel Modules.
[[0;32m  OK  [0m] Started Load Kernel Modules.
[    5.575143] systemd[1]: Started Nameserver information manager.
[[0;32m  OK  [0m] Started Nameserver information manager.
[    5.592141] systemd[1]: Started Journal Service.
[[0;32m  OK  [0m] Started Journal Service.
[[0;32m  OK  [0m] Started LVM2 metadata daemon.
         Mounting FUSE Control File System...
         Starting Apply Kernel Variables...
         Starting Flush Journal to Persistent Storage...
         Starting Load/Save Random Seed...
         Starting udev Coldplug all Devices...
         Starting Create Static Device Nodes in /dev...
[[0;32m  OK  [0m] Mounted FUSE Control File System.
[[0;32m  OK  [0m] Started Apply Kernel Variables.
[[0;32m  OK  [0m] Started Load/Save Random Seed.
[[0;32m  OK  [0m] Started Flush Journal to Persistent Storage.
[[0;32m  OK  [0m] Started Create Static Device Nodes in /dev.
         Starting udev Kernel Device Manager...
[[0;32m  OK  [0m] Started udev Kernel Device Manager.
[[0;32m  OK  [0m] Started udev Coldplug all Devices.
[[0;32m  OK  [0m] Started Dispatch Password Requests to Console Directory Watch.
[[0;32m  OK  [0m] Started Monitoring of LVM2 mirrors,...ng dmeventd or progress polling.
[[0;32m  OK  [0m] Reached target Local File Systems (Pre).
[[0;32m  OK  [0m] Reached target Local File Systems.
         Starting LSB: AppArmor initialization...
         Starting Create Volatile Files and Directories...
         Starting Initial cloud-init job (pre-networking)...
         Starting Commit a transient machine-id on disk...
         Starting Tell Plymouth To Write Out Runtime Data...
         Starting Set console font and keymap...
[[0;32m  OK  [0m] Started Create Volatile Files and Directories.
         Starting Update UTMP about System Boot/Shutdown...
[[0;32m  OK  [0m] Started Tell Plymouth To Write Out Runtime Data.
[[0;32m  OK  [0m] Started Update UTMP about System Boot/Shutdown.
[[0;32m  OK  [0m] Started Commit a transient machine-id on disk.
[[0;32m  OK  [0m] Found device /dev/ttyS0.
[[0;32m  OK  [0m] Listening on Load/Save RF Kill Switch Status /dev/rfkill Watch.
[[0;32m  OK  [0m] Started LSB: AppArmor initialization.
[    6.578963] cloud-init[475]: Cloud-init v. 19.4-33-gbb4131a2-0ubuntu1~16.04.1 running 'init-local' at Wed, 05 Feb 2020 09:03:22 +0000. Up 6.21 seconds.
[[0;32m  OK  [0m] Started Set console font and keymap.
[[0;32m  OK  [0m] Started Initial cloud-init job (pre-networking).
[[0;32m  OK  [0m] Reached target Network (Pre).
[[0;32m  OK  [0m] Created slice system-getty.slice.
         Starting Raise network interfaces...
[[0;32m  OK  [0m] Started Raise network interfaces.
         Starting Initial cloud-init job (metadata service crawler)...
[[0;32m  OK  [0m] Reached target Network.
[    7.592314] cloud-init[950]: Cloud-init v. 19.4-33-gbb4131a2-0ubuntu1~16.04.1 running 'init' at Wed, 05 Feb 2020 09:03:23 +0000. Up 7.25 seconds.
[    7.600934] cloud-init[950]: ci-info: ++++++++++++++++++++++++++++++++++++++Net device info+++++++++++++++++++++++++++++++++++++++
[    7.608693] cloud-init[950]: ci-info: +--------+-------+----------------------------+---------------+--------+-------------------+
[    7.618598] cloud-init[950]: ci-info: | Device |   Up  |          Address           |      Mask     | Scope  |     Hw-Address    |
[    7.620150] cloud-init[950]: ci-info: +--------+-------+----------------------------+---------------+--------+-------------------+
[    7.622184] cloud-init[950]: ci-info: | enp0s3 |  True |         10.0.2.15          | 255.255.255.0 | global | 02:bb:f4:57:e9:87 |
[    7.628954] cloud-init[950]: ci-info: | enp0s3 |  True | fe80::bb:f4ff:fe57:e987/64 |       .       |  link  | 02:bb:f4:57:e9:87 |
[    7.630873] cloud-init[950]: ci-info: | enp0s8 | False |             .              |       .       |   .    | 08:00:27:fe:d3:f9 |
[    7.634075] cloud-init[950]: ci-info: |   lo   |  True |         127.0.0.1          |   255.0.0.0   |  host  |         .         |
[    7.640996] cloud-init[950]: ci-info: |   lo   |  True |          ::1/128           |       .       |  host  |         .         |
[    7.643716] cloud-init[950]: ci-info: +--------+-------+----------------------------+---------------+--------+-------------------+
[    7.657097] [[0;32m  OK  [0m] Started Initial cloud-init job (metadata service crawler).
cloud-init[950]: ci-info: +++++++++++++++++++++++++++Route IPv4 info++++++++++++++++++++++++++++
[    7.658767] [[0;32m  OK  [0m] Reached target System Initialization.
[[0;32m  OK  [0m] Listening on D-Bus System Message Bus Socket.
cloud-init[950]: ci-info: +-------+-------------+----------+---------------+-----------+-------+
[    7.661935]          Starting Socket activation for snappy daemon.
[[0;32m  OK  [0m] Listening on ACPID Listen Socket.
cloud-init[950]: ci-info: | Route | Destination | Gateway  |    Genmask    | Interface | Flags |
[    7.665204]          Starting LXD - unix socket.
[[0;32m  OK  [0m] Started Daily Cleanup of Temporary Directories.
cloud-init[950]: ci-info: +-------+-------------+----------+---------------+-----------+-------+
[    7.669474] [[0;32m  OK  [0m] Started ACPI Events Check.
[[0;32m  OK  [0m] Reached target Paths.
cloud-init[950]: ci-info: |   0   |   0.0.0.0   | 10.0.2.2 |    0.0.0.0    |   enp0s3  |   UG  |
[    7.671685] cloud-init[950]: ci-info: |   1   |   10.0.2.0  | 0.0.0.0  | 255.255.255.0 |   enp0s3  |   U   |
[[0;32m  OK  [0m] Started Message of the Day.
[[0;32m  OK  [0m] Started Daily apt download activities.
[[0;32m  OK  [0m] Started Daily apt upgrade and clean activities.
[[0;32m  OK  [0m] Listening on UUID daemon activation socket.
[[0;32m  OK  [0m] Reached target Timers.
[[0;32m  OK  [0m] Reached target Network is Online.
[    7.674050] cloud-init[950]: ci-info: +-------+-------------+----------+---------------+-----------+-------+
[    7.681758] cloud-init[950]: ci-info: +++++++++++++++++++Route IPv6 info+++++++++++++++++++
[    7.683931] cloud-init[950]: ci-info: +-------+-------------+---------+-----------+-------+
[    7.686101] cloud-init[950]: ci-info: | Route | Destination | Gateway | Interface | Flags |
[    7.688200]          Starting iSCSI initiator daemon (iscsid)...
cloud-init[[950]: [0;32m  OK  [0mci-info: +-------+-------------+---------+-----------+-------+] 
Reached target Cloud-config availability.
[[0;32m  OK  [0m] Listening on Socket activation for snappy daemon.
[[0;32m  OK  [0m] Listening on LXD - unix socket.
[[0;32m  OK  [0m] Reached target Sockets.
[    7.688704] cloud-init[950]: ci-info: |   0   |  fe80::/64  |    ::   |   enp0s3  |   U   |
[    7.691344] cloud-init[950]: ci-info: |   3   |   ff00::/8  |    ::   |   enp0s3  |   U   |
[    7.691411] cloud-init[950]: ci-info: +-------+-------------+---------+-----------+-------+
[    7.691443] cloud-init[950]: Generating public/private rsa key pair.
[    7.691562] cloud-init[950]: Your identification has been saved in /etc/ssh/ssh_host_rsa_key.
[    7.691594] cloud-init[950]: Your public key has been saved in /etc/ssh/ssh_host_rsa_key.pub.
[    7.691720] cloud-init[950]: The key fingerprint is:
[    7.691751] cloud-init[950]: SHA256:aOFQIYBBEKPo37geVddCGE4KB5diP51IBXyTTAzV6GU root@ubuntu-xenial
[    7.691782] cloud-init[950]: The key's randomart image is:
[    7.692631] cloud-init[950]: +---[RSA 2048]----+
[    7.693389] cloud-init[950]: |B=.++=%B*.       |
[    7.694160] cloud-init[950]: |+. o+*+O.E.      |
[    7.694680] cloud-init[950]: |o . =.*o=o .     |
[    7.695421] cloud-init[950]: |.    *.*. .      |
[[0;32m  OK  [0m] Reached target Basic System.
         Starting Accounts Service...
         Starting Snappy daemon...
[[0;32m  OK  [0m] Started Deferred execution scheduler.
[    7.695920] cloud-init[950]: | .   .= S        |
[[0;32m  OK  [0m] Started ACPI event daemon.
         Starting /etc/rc.local Compatibility...
         Starting Login Service...
[[0;32m  OK  [0m] Started Regular background program processing daemon.
         Starting LXD - container startup/shutdown...
         Starting LSB: MD monitoring daemon...
         Starting System Logging Service...
         Starting Pollinate to seed the pseudo random number generator...
[[0;32m  OK  [0m] Started D-Bus System Message Bus.
[    7.716764] cloud-init[950]: |  . +.           |
[    7.746204] cloud-init[950]: |   + .           |
[    7.753800] cloud-init[950]: |    o            |
[    7.757511] cloud-init[950]: |  .o             |
[    7.760910] cloud-init[950]: +----[SHA256]-----+
[    7.768844] cloud-init[950]: Generating public/private dsa key pair.
[    7.770174] cloud-init[950]: Your identification has been saved in /etc/ssh/ssh_host_dsa_key.
[    7.771782] cloud-init[950]: Your public key has been saved in /etc/ssh/ssh_host_dsa_key.pub.
[    7.775840] [cloud-init[0;32m  OK  [0m[950]: ] The key fingerprint is:Started FUSE filesystem for LXC.

[    7.778141]          Starting Virtualbox guest utils...
         Starting LSB: Record successful boot for GRUB...
[[0;32m  OK  [0m] Started System Logging Service.
[[0;32m  OK  [0m] Started /etc/rc.local Compatibility.
cloud-init[950]: SHA256:33IRFhwiy5nprkNNFwnl9hsOsT0AK57s0PmyBsHNt7k root@ubuntu-xenial
[    7.794262] cloud-init[950]: The key's randomart image is:
[    7.802805] [cloud-init[0;32m  OK  [0m[950]: ] +---[DSA 1024]----+Started Login Service.

[[0;32m  OK  [0m] Started iSCSI initiator daemon (iscsid).
[    7.803317] cloud-init[950]: |        +oooo.   |
[    7.812056]          Starting Login to default iSCSI targets...
cloud-init[950]: |       . Xo...   |
[    7.815043] [cloud-init[0;32m  OK  [0m[950]: ] |   . o. B =.o    |Started Unattended Upgrades Shutdown.

         Starting Authenticate and Authorize Users to Run Privileged Tasks...
[[0;32m  OK  [0m] Started LSB: MD monitoring daemon.
[    7.845180] cloud-init[950]: |    o+o=o..B .   |
[[0;32m  OK  [0m] Started Login to default iSCSI targets.
[    7.856262] [[0;32m  OK  [0m] Reached target Remote File Systems (Pre).
[[0;32m  OK  [0m] Reached target Remote File Systems.
cloud-init[950]: |    ..*+S+o *    |
[    7.858094] cloud-init[950]: |    .o.o+. + =   |
         Starting LSB: Set the CPU Frequency Scaling governor to "ondemand"...
         Starting LSB: automatic crash report generation...
[    7.863325]          Starting Permit User Sessions...
         Starting LSB: daemon to balance interrupts for SMP systems...
cloud-init[[0;32m  OK  [0m] Started Permit User Sessions.
[950]: |     oo o.o =    |
[    7.887552]          Starting Hold until boot process finishes up...
cloud-init[950]: |      o+E  o     |
[    7.889637]          cloud-initStarting Terminate Plymouth Boot Screen...[950]: 
|     .o.         |
[    7.893211] cloud-init[950]: +----[SHA256]-----+
[[0;32m  OK  [0m] Started LXD - container startup/shutdown.
[[0;32m  OK  [0m] Started Hold until boot process finishes up.
         Starting Set console scheme...
[    7.894602] [[0;32m  OK  [0m] Started Getty on tty1.
cloud-init[950]: Generating public/private ecdsa key pair.
[    7.910103] cloud-init[950]: Your identification has been saved in /etc/ssh/ssh_host_ecdsa_key.
[    7.912621] [[0;32m  OK  [0m] Started Serial Getty on ttyS0.
[[0;32m  OK  [0m] Reached target Login Prompts.
cloud-init[950]: Your public key has been saved in /etc/ssh/ssh_host_ecdsa_key.pub.[[0;32m  OK  [0m] Started LSB: Set the CPU Frequency Scaling governor to "ondemand".
[[0;32m  OK  [0m] Started Terminate Plymouth Boot Screen.
[[0;32m  OK  [0m] Started Set console scheme.

[[0;32m  OK  [0m] Started Authenticate and Authorize Users to Run Privileged Tasks.
[[0;32m  OK  [0m] Started Accounts Service.
[    7.926441] cloud-init[950]: The key fingerprint is:
[    7.934018] [[0;32m  OK  [0m] Started LSB: Record successful boot for GRUB.
cloud-init[950]: SHA256:PloPDKwhD5AvrFf0z0fM/LYgJEmHYBFD9A3ficLR80o root@ubuntu-xenial
[    7.936258] cloud-init[950]: The key's randomart image is:
[[0;32m  OK  [0m] Started LSB: daemon to balance interrupts for SMP systems.
[    7.951116] cloud-init[950]: +---[ECDSA 256]---+
[    7.964610] cloud-init[950]: |   oOoo.         |
[    7.965546] cloud-init[950]: | . . = *oo .     |
[    7.973079] cloud-init[950]: |o   . * =oo      |
[[0;32m  OK  [0m] Started LSB: automatic crash report generation.
[    7.982236] cloud-init[950]: |.o . + +E+.      |
[    7.986069] cloud-init[950]: |..+ o *.S.=      |
[    7.988200] cloud-init[950]: |.. = o O.. .     |
[    7.989558] cloud-init[950]: |. . o   X o o    |
[    7.995165] cloud-init[950]: | .     o * o .   |
[    7.996728] cloud-init[950]: |      .   . .    |
[    7.998503] cloud-init[950]: +----[SHA256]-----+
[    8.000942] cloud-init[950]: Generating public/private ed25519 key pair.
[    8.010718] cloud-init[950]: Your identification has been saved in /etc/ssh/ssh_host_ed25519_key.
[    8.018438] cloud-init[950]: Your public key has been saved in /etc/ssh/ssh_host_ed25519_key.pub.
[    8.021151] cloud-init[950]: The key fingerprint is:
[    8.022926] cloud-init[950]: SHA256:OWgL7qOJBpA07HC56YrJlJmLGnt/vn9kakU02HK80pw root@ubuntu-xenial
[    8.023179] [cloud-init[0;32m  OK  [0m[950]: ] The key's randomart image is:Started Virtualbox guest utils.

[    8.023542] cloud-init[950]: +--[ED25519 256]--+
[    8.032842] cloud-init[950]: |.  .     +       |
[    8.034749] cloud-init[950]: |.+o     o *      |
[    8.036846] cloud-init[950]: |+o.o     * +     |
[    8.038128] cloud-init[950]: |o.o    ...E      |
[    8.039129] cloud-init[950]: |..+ . o So       |
[    8.040752] cloud-init[950]: |.=.. o . .+      |
[    8.042429] cloud-init[950]: |Bo. . .  =       |
[    8.047111] cloud-init[950]: |=B.o. . o .      |
[    8.053581] cloud-init[950]: |*.ooo+o+..       |
[    8.054556] cloud-init[950]: +----[SHA256]-----+
[[0;32m  OK  [0m] Started Snappy daemon.
         Starting Wait until snapd is fully seeded...
[[0;32m  OK  [0m] Started Pollinate to seed the pseudo random number generator.
         Starting OpenBSD Secure Shell server...
[[0;32m  OK  [0m] Started OpenBSD Secure Shell server.
[[0;32m  OK  [0m] Started Wait until snapd is fully seeded.
         Starting Apply the settings specified in cloud-config...
[[0;32m  OK  [0m] Reached target Multi-User System.
[[0;32m  OK  [0m] Reached target Graphical Interface.
         Starting Update UTMP about System Runlevel Changes...
[[0;32m  OK  [0m] Started Update UTMP about System Runlevel Changes.
[    9.544847] cloud-init[1306]: Generating locales (this might take a while)...
[   10.240944] cloud-init[1306]:   en_US.UTF-8... done
[   10.242376] cloud-init[1306]: Generation complete.
[   10.486172] cloud-init[1306]: Cloud-init v. 19.4-33-gbb4131a2-0ubuntu1~16.04.1 running 'modules:config' at Wed, 05 Feb 2020 09:03:26 +0000. Up 9.47 seconds.
[[0;32m  OK  [0m] Started Apply the settings specified in cloud-config.
         Starting Execute cloud user/final scripts...
ci-info: no authorized SSH keys fingerprints found for user ubuntu.
<14>Feb  5 09:03:27 ec2: 
<14>Feb  5 09:03:27 ec2: #############################################################
<14>Feb  5 09:03:27 ec2: -----BEGIN SSH HOST KEY FINGERPRINTS-----
<14>Feb  5 09:03:27 ec2: 1024 SHA256:33IRFhwiy5nprkNNFwnl9hsOsT0AK57s0PmyBsHNt7k root@ubuntu-xenial (DSA)
<14>Feb  5 09:03:27 ec2: 256 SHA256:PloPDKwhD5AvrFf0z0fM/LYgJEmHYBFD9A3ficLR80o root@ubuntu-xenial (ECDSA)
<14>Feb  5 09:03:27 ec2: 256 SHA256:OWgL7qOJBpA07HC56YrJlJmLGnt/vn9kakU02HK80pw root@ubuntu-xenial (ED25519)
<14>Feb  5 09:03:27 ec2: 2048 SHA256:aOFQIYBBEKPo37geVddCGE4KB5diP51IBXyTTAzV6GU root@ubuntu-xenial (RSA)
<14>Feb  5 09:03:27 ec2: -----END SSH HOST KEY FINGERPRINTS-----
<14>Feb  5 09:03:27 ec2: #############################################################
-----BEGIN SSH HOST KEY KEYS-----
ecdsa-sha2-nistp256 AAAAE2VjZHNhLXNoYTItbmlzdHAyNTYAAAAIbmlzdHAyNTYAAABBBJXAxFLGKxVZMirt2hx7uBIJ5Uv3ujHoZWBvd2EufexbjB1rrNOAtXcR31YBMSkYSVxwBkOX7pYlLRaZdfhQmp4= root@ubuntu-xenial
ssh-ed25519 AAAAC3NzaC1lZDI1NTE5AAAAINcICTIwBbWlP0CR7F1joEVPm5a/jxCrbBdsEKZgsiOf root@ubuntu-xenial
ssh-rsa AAAAB3NzaC1yc2EAAAADAQABAAABAQClcpUhERnLtcUVJYmY7yu9bYjgUmK6HVak0Z1X1qwIAVZDvRBS9SHJqI/4DOEgae31nFh6iVfg/uwvikBgjD+zPDXjOyPQfzDVRkBZ20PeQAi5HNQd3LuVCJhjI5ym8R5k/7GXL2s53yZDwHY4sD4H03AeeZoWF1O8Ny4dQMnxnDAeH4QAw6F5pa3bCSiG7WuwUBg0MN7ijfluB8A03K40IaQXEyIGVjCHS8XzR/EfD64n0y1q0PH6NDId17/uj069x+Uvz5l0xD0pwIqKjooyuzOVPwF+Utt8QgyY4GR/yFlGxbXnMBbFeOICdFYDLIN3E45mFNb+mk35G9Z+q83t root@ubuntu-xenial
-----END SSH HOST KEY KEYS-----
[   10.950643] cloud-init[1349]: Cloud-init v. 19.4-33-gbb4131a2-0ubuntu1~16.04.1 running 'modules:final' at Wed, 05 Feb 2020 09:03:27 +0000. Up 10.81 seconds.
[   10.957019] cloud-init[1349]: ci-info: no authorized SSH keys fingerprints found for user ubuntu.
[   10.958310] cloud-init[1349]: Cloud-init v. 19.4-33-gbb4131a2-0ubuntu1~16.04.1 finished at Wed, 05 Feb 2020 09:03:27 +0000. Datasource DataSourceNoCloud [seed=/dev/sdb][dsmode=net].  Up 10.94 seconds
[[0;32m  OK  [0m] Started Execute cloud user/final scripts.
[[0;32m  OK  [0m] Reached target Cloud-init target.

Ubuntu 16.04.6 LTS ubuntu-xenial ttyS0

ubuntu-xenial login: 