[    0.000000] Linux version 4.15.0-193-generic (buildd@lcy02-amd64-022) (gcc version 7.5.0 (Ubuntu 7.5.0-3ubuntu1~18.04)) #204-Ubuntu SMP Fri Aug 26 19:20:21 UTC 2022 (Ubuntu 4.15.0-193.204-generic 4.15.18)
[    0.000000] Command line: BOOT_IMAGE=/boot/vmlinuz-4.15.0-193-generic root=LABEL=cloudimg-rootfs ro console=tty1 console=ttyS0
[    0.000000] KERNEL supported cpus:
[    0.000000]   Intel GenuineIntel
[    0.000000]   AMD AuthenticAMD
[    0.000000]   Centaur CentaurHauls
[    0.000000] x86/fpu: Supporting XSAVE feature 0x001: 'x87 floating point registers'
[    0.000000] x86/fpu: Supporting XSAVE feature 0x002: 'SSE registers'
[    0.000000] x86/fpu: Supporting XSAVE feature 0x004: 'AVX registers'
[    0.000000] x86/fpu: xstate_offset[2]:  576, xstate_sizes[2]:  256
[    0.000000] x86/fpu: Enabled xstate features 0x7, context size is 832 bytes, using 'standard' format.
[    0.000000] e820: BIOS-provided physical RAM map:
[    0.000000] BIOS-e820: [mem 0x0000000000000000-0x000000000009fbff] usable
[    0.000000] BIOS-e820: [mem 0x000000000009fc00-0x000000000009ffff] reserved
[    0.000000] BIOS-e820: [mem 0x00000000000f0000-0x00000000000fffff] reserved
[    0.000000] BIOS-e820: [mem 0x0000000000100000-0x000000007ffeffff] usable
[    0.000000] BIOS-e820: [mem 0x000000007fff0000-0x000000007fffffff] ACPI data
[    0.000000] BIOS-e820: [mem 0x00000000fec00000-0x00000000fec00fff] reserved
[    0.000000] BIOS-e820: [mem 0x00000000fee00000-0x00000000fee00fff] reserved
[    0.000000] BIOS-e820: [mem 0x00000000fffc0000-0x00000000ffffffff] reserved
[    0.000000] NX (Execute Disable) protection: active
[    0.000000] SMBIOS 2.5 present.
[    0.000000] DMI: innotek GmbH VirtualBox/VirtualBox, BIOS VirtualBox 12/01/2006
[    0.000000] Hypervisor detected: KVM
[    0.000000] e820: last_pfn = 0x7fff0 max_arch_pfn = 0x400000000
[    0.000000] MTRR: Disabled
[    0.000000] x86/PAT: MTRRs disabled, skipping PAT initialization too.
[    0.000000] CPU MTRRs all blank - virtualized system.
[    0.000000] x86/PAT: Configuration [0-7]: WB  WT  UC- UC  WB  WT  UC- UC  
[    0.000000] found SMP MP-table at [mem 0x0009fff0-0x0009ffff]
[    0.000000] Scanning 1 areas for low memory corruption
[    0.000000] RAMDISK: [mem 0x359cb000-0x36cdcfff]
[    0.000000] ACPI: Early table checksum verification disabled
[    0.000000] ACPI: RSDP 0x00000000000E0000 000024 (v02 VBOX  )
[    0.000000] ACPI: XSDT 0x000000007FFF0030 00003C (v01 VBOX   VBOXXSDT 00000001 ASL  00000061)
[    0.000000] ACPI: FACP 0x000000007FFF00F0 0000F4 (v04 VBOX   VBOXFACP 00000001 ASL  00000061)
[    0.000000] ACPI: DSDT 0x000000007FFF0470 002325 (v02 VBOX   VBOXBIOS 00000002 INTL 20120111)
[    0.000000] ACPI: FACS 0x000000007FFF0200 000040
[    0.000000] ACPI: FACS 0x000000007FFF0200 000040
[    0.000000] ACPI: APIC 0x000000007FFF0240 00005C (v02 VBOX   VBOXAPIC 00000001 ASL  00000061)
[    0.000000] ACPI: SSDT 0x000000007FFF02A0 0001CC (v01 VBOX   VBOXCPUT 00000002 INTL 20120111)
[    0.000000] ACPI: Reserving FACP table memory at [mem 0x7fff00f0-0x7fff01e3]
[    0.000000] ACPI: Reserving DSDT table memory at [mem 0x7fff0470-0x7fff2794]
[    0.000000] ACPI: Reserving FACS table memory at [mem 0x7fff0200-0x7fff023f]
[    0.000000] ACPI: Reserving FACS table memory at [mem 0x7fff0200-0x7fff023f]
[    0.000000] ACPI: Reserving APIC table memory at [mem 0x7fff0240-0x7fff029b]
[    0.000000] ACPI: Reserving SSDT table memory at [mem 0x7fff02a0-0x7fff046b]
[    0.000000] No NUMA configuration found
[    0.000000] Faking a node at [mem 0x0000000000000000-0x000000007ffeffff]
[    0.000000] NODE_DATA(0) allocated [mem 0x7ffc5000-0x7ffeffff]
[    0.000000] kvm-clock: cpu 0, msr 0:7ff44001, primary cpu clock
[    0.000000] kvm-clock: Using msrs 4b564d01 and 4b564d00
[    0.000000] kvm-clock: using sched offset of 4259635092 cycles
[    0.000000] clocksource: kvm-clock: mask: 0xffffffffffffffff max_cycles: 0x1cd42e4dffb, max_idle_ns: 881590591483 ns
[    0.000000] Zone ranges:
[    0.000000]   DMA      [mem 0x0000000000001000-0x0000000000ffffff]
[    0.000000]   DMA32    [mem 0x0000000001000000-0x000000007ffeffff]
[    0.000000]   Normal   empty
[    0.000000]   Device   empty
[    0.000000] Movable zone start for each node
[    0.000000] Early memory node ranges
[    0.000000]   node   0: [mem 0x0000000000001000-0x000000000009efff]
[    0.000000]   node   0: [mem 0x0000000000100000-0x000000007ffeffff]
[    0.000000] Reserved but unavailable: 104 pages
[    0.000000] Initmem setup node 0 [mem 0x0000000000001000-0x000000007ffeffff]
[    0.000000] ACPI: PM-Timer IO Port: 0x4008
[    0.000000] IOAPIC[0]: apic_id 2, version 32, address 0xfec00000, GSI 0-23
[    0.000000] ACPI: INT_SRC_OVR (bus 0 bus_irq 0 global_irq 2 dfl dfl)
[    0.000000] ACPI: INT_SRC_OVR (bus 0 bus_irq 9 global_irq 9 low level)
[    0.000000] Using ACPI (MADT) for SMP configuration information
[    0.000000] smpboot: Allowing 2 CPUs, 0 hotplug CPUs
[    0.000000] PM: Registered nosave memory: [mem 0x00000000-0x00000fff]
[    0.000000] PM: Registered nosave memory: [mem 0x0009f000-0x0009ffff]
[    0.000000] PM: Registered nosave memory: [mem 0x000a0000-0x000effff]
[    0.000000] PM: Registered nosave memory: [mem 0x000f0000-0x000fffff]
[    0.000000] e820: [mem 0x80000000-0xfebfffff] available for PCI devices
[    0.000000] Booting paravirtualized kernel on KVM
[    0.000000] clocksource: refined-jiffies: mask: 0xffffffff max_cycles: 0xffffffff, max_idle_ns: 7645519600211568 ns
[    0.000000] random: get_random_bytes called from start_kernel+0x99/0x500 with crng_init=0
[    0.000000] setup_percpu: NR_CPUS:8192 nr_cpumask_bits:2 nr_cpu_ids:2 nr_node_ids:1
[    0.000000] percpu: Embedded 50 pages/cpu s167936 r8192 d28672 u1048576
[    0.000000] PV qspinlock hash table entries: 256 (order: 0, 4096 bytes)
[    0.000000] Built 1 zonelists, mobility grouping on.  Total pages: 515961
[    0.000000] Policy zone: DMA32
[    0.000000] Kernel command line: BOOT_IMAGE=/boot/vmlinuz-4.15.0-193-generic root=LABEL=cloudimg-rootfs ro console=tty1 console=ttyS0
[    0.000000] Memory: 2014840K/2096696K available (12300K kernel code, 2484K rwdata, 4324K rodata, 2468K init, 2724K bss, 81856K reserved, 0K cma-reserved)
[    0.000000] SLUB: HWalign=64, Order=0-3, MinObjects=0, CPUs=2, Nodes=1
[    0.000000] Kernel/User page tables isolation: enabled
[    0.000000] ftrace: allocating 39483 entries in 155 pages
[    0.004000] Hierarchical RCU implementation.
[    0.004000] 	RCU restricting CPUs from NR_CPUS=8192 to nr_cpu_ids=2.
[    0.004000] 	Tasks RCU enabled.
[    0.004000] RCU: Adjusting geometry for rcu_fanout_leaf=16, nr_cpu_ids=2
[    0.004000] NR_IRQS: 524544, nr_irqs: 440, preallocated irqs: 16
[    0.004000] Console: colour VGA+ 80x25
[    0.004000] console [tty1] enabled
[    0.004000] console [ttyS0] enabled
[    0.004000] ACPI: Core revision 20170831
[    0.004000] ACPI: 2 ACPI AML tables successfully acquired and loaded
[    0.004000] APIC: Switch to symmetric I/O mode setup
[    0.004000] x2apic enabled
[    0.004000] Switched APIC routing to physical x2apic.
[    0.004000] ..TIMER: vector=0x30 apic1=0 pin1=2 apic2=-1 pin2=-1
[    0.004006] tsc: Detected 2591.998 MHz processor
[    0.005513] Calibrating delay loop (skipped) preset value.. 5183.99 BogoMIPS (lpj=10367992)
[    0.008006] pid_max: default: 32768 minimum: 301
[    0.009098] Security Framework initialized
[    0.012007] Yama: becoming mindful.
[    0.013435] AppArmor: AppArmor initialized
[    0.016110] Dentry cache hash table entries: 262144 (order: 9, 2097152 bytes)
[    0.019057] Inode-cache hash table entries: 131072 (order: 8, 1048576 bytes)
[    0.022771] Mount-cache hash table entries: 4096 (order: 3, 32768 bytes)
[    0.024010] Mountpoint-cache hash table entries: 4096 (order: 3, 32768 bytes)
[    0.026842] Last level iTLB entries: 4KB 64, 2MB 8, 4MB 8
[    0.028008] Last level dTLB entries: 4KB 64, 2MB 0, 4MB 0, 1GB 4
[    0.032007] Spectre V1 : Mitigation: usercopy/swapgs barriers and __user pointer sanitization
[    0.034394] Spectre V2 : Mitigation: Retpolines
[    0.036002] Spectre V2 : Spectre v2 / SpectreRSB mitigation: Filling RSB on context switch
[    0.039397] Speculative Store Bypass: Vulnerable
[    0.040120] MDS: Mitigation: Clear CPU buffers
[    0.041450] MMIO Stale Data: Mitigation: Clear CPU buffers
[    0.044060] SRBDS: Unknown: Dependent on hypervisor status
[    0.046112] Freeing SMP alternatives memory: 36K
[    0.159504] smpboot: CPU0: Intel(R) Core(TM) i7-6700HQ CPU @ 2.60GHz (family: 0x6, model: 0x5e, stepping: 0x3)
[    0.160000] Performance Events: unsupported p6 CPU model 94 no PMU driver, software events only.
[    0.160062] Hierarchical SRCU implementation.
[    0.164813] NMI watchdog: Perf event create on CPU 0 failed with -2
[    0.168003] NMI watchdog: Perf NMI watchdog permanently disabled
[    0.169389] smp: Bringing up secondary CPUs ...
[    0.170586] x86: Booting SMP configuration:
[    0.171559] .... node  #0, CPUs:      #1
[    0.004000] kvm-clock: cpu 1, msr 0:7ff44041, secondary cpu clock
[    0.176020] smp: Brought up 1 node, 2 CPUs
[    0.176961] smpboot: Max logical packages: 1
[    0.177940] smpboot: Total of 2 processors activated (10367.99 BogoMIPS)
[    0.180139] devtmpfs: initialized
[    0.181025] x86/mm: Memory block size: 128MB
[    0.182321] evm: security.selinux
[    0.183103] evm: security.SMACK64
[    0.184003] evm: security.SMACK64EXEC
[    0.184862] evm: security.SMACK64TRANSMUTE
[    0.185794] evm: security.SMACK64MMAP
[    0.186639] evm: security.apparmor
[    0.187428] evm: security.ima
[    0.188002] evm: security.capability
[    0.188891] clocksource: jiffies: mask: 0xffffffff max_cycles: 0xffffffff, max_idle_ns: 7645041785100000 ns
[    0.190157] futex hash table entries: 512 (order: 3, 32768 bytes)
[    0.192043] pinctrl core: initialized pinctrl subsystem
[    0.193297] RTC time: 13:26:39, date: 09/30/22
[    0.194423] NET: Registered protocol family 16
[    0.196067] audit: initializing netlink subsys (disabled)
[    0.197438] audit: type=2000 audit(1664544405.742:1): state=initialized audit_enabled=0 res=1
[    0.198159] cpuidle: using governor ladder
[    0.200011] cpuidle: using governor menu
[    0.200972] ACPI: bus type PCI registered
[    0.201896] acpiphp: ACPI Hot Plug PCI Controller Driver version: 0.5
[    0.204023] PCI: Using configuration type 1 for base access
[    0.208037] HugeTLB registered 2.00 MiB page size, pre-allocated 0 pages
[    0.209565] ACPI: Added _OSI(Module Device)
[    0.209565] ACPI: Added _OSI(Processor Device)
[    0.210065] ACPI: Added _OSI(3.0 _SCP Extensions)
[    0.212003] ACPI: Added _OSI(Processor Aggregator Device)
[    0.213203] ACPI: Added _OSI(Linux-Dell-Video)
[    0.214229] ACPI: Added _OSI(Linux-Lenovo-NV-HDMI-Audio)
[    0.216002] ACPI: Added _OSI(Linux-HPI-Hybrid-Graphics)
[    0.217592] ACPI: Executed 1 blocks of module-level executable AML code
[    0.222923] ACPI: Interpreter enabled
[    0.224016] ACPI: (supports S0 S5)
[    0.225102] ACPI: Using IOAPIC for interrupt routing
[    0.226424] PCI: Using host bridge windows from ACPI; if necessary, use "pci=nocrs" and report a bug
[    0.228212] ACPI: Enabled 2 GPEs in block 00 to 07
[    0.238562] ACPI: PCI Root Bridge [PCI0] (domain 0000 [bus 00-ff])
[    0.240010] acpi PNP0A03:00: _OSC: OS supports [ASPM ClockPM Segments MSI]
[    0.242373] acpi PNP0A03:00: _OSC: not requesting OS control; OS requires [ExtendedConfig ASPM ClockPM MSI]
[    0.244012] acpi PNP0A03:00: fail to add MMCONFIG information, can't access extended PCI configuration space under this bridge.
[    0.248535] PCI host bridge to bus 0000:00
[    0.249472] pci_bus 0000:00: root bus resource [io  0x0000-0x0cf7 window]
[    0.252003] pci_bus 0000:00: root bus resource [io  0x0d00-0xffff window]
[    0.254452] pci_bus 0000:00: root bus resource [mem 0x000a0000-0x000bffff window]
[    0.256003] pci_bus 0000:00: root bus resource [mem 0x80000000-0xfdffffff window]
[    0.260003] pci_bus 0000:00: root bus resource [bus 00-ff]
[    0.266250] pci 0000:00:01.1: legacy IDE quirk: reg 0x10: [io  0x01f0-0x01f7]
[    0.268010] pci 0000:00:01.1: legacy IDE quirk: reg 0x14: [io  0x03f6]
[    0.272007] pci 0000:00:01.1: legacy IDE quirk: reg 0x18: [io  0x0170-0x0177]
[    0.273581] pci 0000:00:01.1: legacy IDE quirk: reg 0x1c: [io  0x0376]
[.299203] pci 0000:00:07.0: quirk: [io  0x4000-0x403f] claimed by PIIX4 ACPI
[    0.300031] pci 0000:00:07.0: quirk: [io  0x4100-0x410f] claimed by PIIX4 SMB
[    0.321827] ACPI: PCI Interrupt Link [LNKA] (IRQs 5 9 10 *11)
[    0.324361] ACPI: PCI Interrupt Link [LNKB] (IRQs 5 9 *10 11)
[    0.325891] ACPI: PCI Interrupt Link [LNKC] (IRQs 5 *9 10 11)
[    0.328157] ACPI: PCI Interrupt Link [LNKD] (IRQs 5 9 10 *11)
[    0.329821] SCSI subsystem initialized
[    0.332157] pci 0000:00:02.0: vgaarb: setting as boot VGA device
[    0.334763] pci 0000:00:02.0: vgaarb: VGA device added: decodes=io+mem,owns=io+mem,locks=none
[    0.336007] pci 0000:00:02.0: vgaarb: bridge control possible
[    0.337283] vgaarb: loaded
[    0.338125] ACPI: bus type USB registered
[    0.339087] usbcore: registered new interface driver usbfs
[    0.340025] usbcore: registered new interface driver hub
[    0.341231] usbcore: registered new device driver usb
[    0.344072] EDAC MC: Ver: 3.0.0
[    0.345111] PCI: Using ACPI for IRQ routing
[    0.345401] NetLabel: Initializing
[    0.348005] NetLabel:  domain hash size = 128
[    0.350082] NetLabel:  protocols = UNLABELED CIPSOv4 CALIPSO
[    0.352039] NetLabel:  unlabeled traffic allowed by default
[    0.353341] clocksource: Switched to clocksource kvm-clock
[    0.368075] VFS: Disk quotas dquot_6.6.0
[    0.369651] VFS: Dquot-cache hash table entries: 512 (order 0, 4096 bytes)
[    0.373935] AppArmor: AppArmor Filesystem Enabled
[    0.375299] pnp: PnP ACPI init
[    0.377489] pnp: PnP ACPI: found 3 devices
[    0.389655] clocksource: acpi_pm: mask: 0xffffff max_cycles: 0xffffff, max_idle_ns: 2085701024 ns
[    0.392505] NET: Registered protocol family 2
[    0.393639] IP idents hash table entries: 32768 (order: 6, 262144 bytes)
[    0.397120] TCP established hash table entries: 16384 (order: 5, 131072 bytes)
[    0.399926] TCP bind hash table entries: 16384 (order: 6, 262144 bytes)
[    0.404804] TCP: Hash tables configured (established 16384 bind 16384)
[    0.407383] UDP hash table entries: 1024 (order: 3, 32768 bytes)
[    0.408830] UDP-Lite hash table entries: 1024 (order: 3, 32768 bytes)
[    0.410330] NET: Registered protocol family 1
[    0.411953] pci 0000:00:00.0: Limiting direct PCI/PCI transfers
[    0.414175] pci 0000:00:01.0: Activating ISA DMA hang workarounds
[    0.416801] pci 0000:00:02.0: Video device with shadowed ROM at [mem 0x000c0000-0x000dffff]
[    0.421108] Unpacking initramfs...
[    0.736173] Freeing initrd memory: 19528K
[    0.739183] clocksource: tsc: mask: 0xffffffffffffffff max_cycles: 0x255cb518234, max_idle_ns: 440795279333 ns
[    0.742278] platform rtc_cmos: registered platform RTC device (no PNP device found)
[    0.744207] Scanning for low memory corruption every 60 seconds
[    0.746536] Initialise system trusted keyrings
[    0.747589] Key type blacklist registered
[    0.748601] workingset: timestamp_bits=36 max_order=19 bucket_order=0
[    0.752657] zbud: loaded
[    0.754245] squashfs: version 4.0 (2009/01/31) Phillip Lougher
[    0.755761] fuse init (API version 7.26)
[    0.759471] Key type asymmetric registered
[    0.760698] Asymmetric key parser 'x509' registered
[    0.761963] Block layer SCSI generic (bsg) driver version 0.4 loaded (major 246)
[    0.763728] io scheduler noop registered
[    0.764912] io scheduler deadline registered
[    0.766222] io scheduler cfq registered (default)
[    0.768142] ACPI: AC Adapter [AC] (off-line)
[    0.769266] input: Power Button as /devices/LNXSYSTM:00/LNXPWRBN:00/input/input0
[    0.770975] ACPI: Power Button [PWRF]
[    0.771909] input: Sleep Button as /devices/LNXSYSTM:00/LNXSLPBN:00/input/input1
[    0.773957] ACPI: Sleep Button [SLPF]
[    0.776207] Serial: 8250/16550 driver, 32 ports, IRQ sharing enabled
[    0.776678] ACPI: Battery Slot [BAT0] (battery present)
[    0.806570] 00:02: ttyS0 at I/O 0x3f8 (irq = 4, base_baud = 115200) is a 16550A
[    0.810100] Linux agpgart interface v0.103
[    0.812135] loop: module loaded
[    0.813960] scsi host0: ata_piix
[    0.815622] scsi host1: ata_piix
[    0.816639] ata1: PATA max UDMA/33 cmd 0x1f0 ctl 0x3f6 bmdma 0xd000 irq 14
[    0.818332] ata2: PATA max UDMA/33 cmd 0x170 ctl 0x376 bmdma 0xd008 irq 15
[    0.819934] tun: Universal TUN/TAP device driver, 1.6
[    0.821344] PPP generic driver version 2.4.2
[    0.822937] ehci_hcd: USB 2.0 'Enhanced' Host Controller (EHCI) Driver
[    0.824414] ehci-pci: EHCI PCI platform driver
[    0.825447] ehci-platform: EHCI generic platform driver
[    0.826632] ohci_hcd: USB 1.1 'Open' Host Controller (OHCI) Driver
[    0.827998] ohci-pci: OHCI PCI platform driver
[    0.829968] ohci-platform: OHCI generic platform driver
[    0.831772] uhci_hcd: USB Universal Host Controller Interface driver
[    0.833273] i8042: PNP: PS/2 Controller [PNP0303:PS2K,PNP0f03:PS2M] at 0x60,0x64 irq 1,12
[    0.835627] serio: i8042 KBD port at 0x60,0x64 irq 1
[    0.838427] serio: i8042 AUX port at 0x60,0x64 irq 12
[    0.841066] mousedev: PS/2 mouse device common for all mice
[    0.850531] input: AT Translated Set 2 keyboard as /devices/platform/i8042/serio0/input/input2
[    0.856173] rtc_cmos rtc_cmos: rtc core: registered rtc_cmos as rtc0
[    0.858601] rtc_cmos rtc_cmos: alarms up to one day, 114 bytes nvram
[    0.860374] i2c /dev entries driver
[    0.861593] device-mapper: uevent: version 1.0.3
[    0.863896] device-mapper: ioctl: 4.37.0-ioctl (2017-09-20) initialised: dm-devel@redhat.com
[    0.866151] ledtrig-cpu: registered to indicate activity on CPUs
[    0.867959] NET: Registered protocol family 10
[    0.873149] Segment Routing with IPv6
[    0.874283] NET: Registered protocol family 17
[    0.875377] Key type dns_resolver registered
[    0.876648] mce: Using 0 MCE banks
[    0.877570] RAS: Correctable Errors collector initialized.
[    0.879590] sched_clock: Marking stable (876625047, 0)->(1298326956, -421701909)
[    0.881963] registered taskstats version 1
[    0.883302] Loading compiled-in X.509 certificates
[    0.887131] Loaded X.509 cert 'Build time autogenerated kernel key: b9e621348ccbcfe28d0c51e4c3b595dc856bdd44'
[    0.889984] Loaded X.509 cert 'Canonical Ltd. Live Patch Signing: 14df34d1a87cf37625abec039ef2bf521249b969'
[    0.892770] Loaded X.509 cert 'Canonical Ltd. Kernel Module Signing: 88f752e560a1e0737e31163a466ad7b70a850c19'
[    0.895689] blacklist: Loading compiled-in revocation X.509 certificates
[    0.897325] Loaded X.509 cert 'Canonical Ltd. Secure Boot Signing: 61482aa2830d0ab2ad5af10b7250da9033ddcef0'
[    0.899546] zswap: loaded using pool lzo/zbud
[    0.904725] Key type big_key registered
[    0.905895] Key type trusted registered
[    0.908411] Key type encrypted registered
[    0.909368] AppArmor: AppArmor sha1 policy hashing enabled
[    0.911374] ima: No TPM chip found, activating TPM-bypass! (rc=-19)
[    0.913229] ima: Allocated hash algorithm: sha1
[    0.914306] evm: HMAC attrs: 0x1
[    0.915463]   Magic number: 6:28:434
[    0.916361]   hash matches /build/linux-A9ypJR/linux-4.15.0/drivers/base/power/main.c:1559
[    0.918924] rtc_cmos rtc_cmos: setting system clock to 2022-09-30 13:26:40 UTC (1664544400)
[    0.920974] BIOS EDD facility v0.16 2004-Jun-25, 0 devices found
[    0.922321] EDD information not available.
[    1.187513] Freeing unused kernel image memory: 2468K
[    1.308727] Write protecting the kernel read-only data: 20480k
[    1.311392] Freeing unused kernel image memory: 2008K
[    1.313299] Freeing unused kernel image memory: 1820K
[    1.322158] x86/mm: Checked W+X mappings: passed, no W+X pages found.
[    1.324507] x86/mm: Checking user space page tables
[    1.333216] x86/mm: Checked W+X mappings: passed, no W+X pages found.
Loading, please wait...
starting version 237
[    1.427719] e1000: Intel(R) PRO/1000 Network Driver - version 7.3.21-k8-NAPI
[    1.430131] e1000: Copyright (c) 1999-2006 Intel Corporation.
[    1.434110] Fusion MPT base driver 3.04.20
[    1.435567] Copyright (c) 1999-2008 LSI Corporation
[    1.456557] AVX2 version of gcm_enc/dec engaged.
[    1.458615] AES CTR mode by8 optimization enabled
[    1.465414] Fusion MPT SPI Host driver 3.04.20
[    1.693321] input: ImExPS/2 Generic Explorer Mouse as /devices/platform/i8042/serio1/input/input4
[    1.944450] e1000 0000:00:03.0 eth0: (PCI:33MHz:32-bit) 02:12:a5:46:f1:8c
[    1.947473] e1000 0000:00:03.0 eth0: Intel(R) PRO/1000 Network Connection
[    1.952380] mptbase: ioc0: Initiating bringup
[    2.049009] ioc0: LSI53C1030 A0: Capabilities={Initiator}
[    2.290905] scsi host2: ioc0: LSI53C1030 A0, FwRev=00000000h, Ports=1, MaxQ=256, IRQ=20
[    2.463500] scsi 2:0:0:0: Direct-Access     VBOX     HARDDISK         1.0  PQ: 0 ANSI: 5
[    2.512274] scsi target2:0:0: Beginning Domain Validation
[    2.517151] scsi target2:0:0: Domain Validation skipping write tests
[    2.518934] scsi target2:0:0: Ending Domain Validation
[    2.520652] scsi target2:0:0: asynchronous
[    2.525766] scsi 2:0:1:0: Direct-Access     VBOX     HARDDISK         1.0  PQ: 0 ANSI: 5
[    2.860148] scsi target2:0:1: Beginning Domain Validation
[    2.864701] random: fast init done
[    2.867617] scsi target2:0:1: Domain Validation skipping write tests
[    2.871178] scsi target2:0:1: Ending Domain Validation
[    2.876062] scsi target2:0:1: asynchronous
[    2.886153] sd 2:0:0:0: Attached scsi generic sg0 type 0
[    2.888225] sd 2:0:0:0: [sda] 83886080 512-byte logical blocks: (42.9 GB/40.0 GiB)
[    2.889013] random: systemd-udevd: uninitialized urandom read (16 bytes read)
[    2.890931] sd 2:0:1:0: Attached scsi generic sg1 type 0
[    2.894633] random: systemd-udevd: uninitialized urandom read (16 bytes read)
[    2.900680] sd 2:0:0:0: [sda] Write Protect is off
[    2.906471] random: systemd-udevd: uninitialized urandom read (16 bytes read)
[    2.909788] sd 2:0:1:0: [sdb] 20480 512-byte logical blocks: (10.5 MB/10.0 MiB)
[    2.915260] sd 2:0:1:0: [sdb] Write Protect is off
[    2.915306] sd 2:0:0:0: [sda] Incomplete mode parameter data
[    2.921135] sd 2:0:0:0: [sda] Assuming drive cache: write through
[    2.923641] sd 2:0:1:0: [sdb] Incomplete mode parameter data
[    2.925707] sd 2:0:1:0: [sdb] Assuming drive cache: write through
[    2.928323]  sda: sda1
[    2.930087] sd 2:0:0:0: [sda] Attached SCSI disk
[    2.935427] sd 2:0:1:0: [sdb] Attached SCSI disk
[    3.002045] e1000 0000:00:08.0 eth1: (PCI:33MHz:32-bit) 08:00:27:81:3c:25
[    3.005819] e1000 0000:00:08.0 eth1: Intel(R) PRO/1000 Network Connection
[    3.012120] e1000 0000:00:03.0 enp0s3: renamed from eth0
[    3.033641] e1000 0000:00:08.0 enp0s8: renamed from eth1
Begin: Loading essential drivers ... [    4.604682] raid6: sse2x1   gen()  7610 MB/s
[    4.652085] raid6: sse2x1   xor()  5734 MB/s
[    4.700101] raid6: sse2x2   gen() 10444 MB/s
[    4.748109] raid6: sse2x2   xor()  7136 MB/s
[    4.796089] raid6: sse2x4   gen() 12276 MB/s
[    4.844088] raid6: sse2x4   xor()  7661 MB/s
[    4.892075] raid6: avx2x1   gen() 17439 MB/s
[    4.940075] raid6: avx2x1   xor() 12138 MB/s
[    4.988074] raid6: avx2x2   gen() 20362 MB/s
[    5.036083] raid6: avx2x2   xor() 12969 MB/s
[    5.084107] raid6: avx2x4   gen() 22825 MB/s
[    5.132155] raid6: avx2x4   xor() 13321 MB/s
[    5.134472] raid6: using algorithm avx2x4 gen() 22825 MB/s
[    5.135920] raid6: .... xor() 13321 MB/s, rmw enabled
[    5.138439] raid6: using avx2x2 recovery algorithm
[    5.141153] xor: automatically using best checksumming function   avx       
[    5.146465] async_tx: api initialized (async)
done.
Begin: Running /scripts/init-premount ... done.
Begin: Mounting root file system ... Begin: Running /scripts/local-top ... done.
Begin: Running /scripts/local-premount ... [    5.211079] Btrfs loaded, crc32c=crc32c-intel
Scanning for Btrfs filesystems
done.
Warning: fsck not present, so skipping root file system
[    5.245631] EXT4-fs (sda1): mounted filesystem with ordered data mode. Opts: (null)
done.
Begin: Running /scripts/local-bottom ... done.
Begin: Running /scripts/init-bottom ... done.
[    5.406889] ip_tables: (C) 2000-2006 Netfilter Core Team
[    5.423567] systemd[1]: systemd 237 running in system mode. (+PAM +AUDIT +SELINUX +IMA +APPARMOR +SMACK +SYSVINIT +UTMP +LIBCRYPTSETUP +GCRYPT +GNUTLS +ACL +XZ +LZ4 +SECCOMP +BLKID +ELFUTILS +KMOD -IDN2 +IDN -PCRE2 default-hierarchy=hybrid)
[    5.435906] systemd[1]: Detected virtualization oracle.
[    5.438503] systemd[1]: Detected architecture x86-64.

Welcome to [1mUbuntu 18.04.6 LTS[0m!

[    5.459435] systemd[1]: Set hostname to <ubuntu>.
[    5.465259] systemd[1]: Initializing machine ID from random generator.
[    5.468221] systemd[1]: Installed transient /etc/machine-id file.
[    5.739382] systemd[1]: Started Forward Password Requests to Wall Directory Watch.
[[0;32m  OK  [0m] Started Forward Password Requests to Wall Directory Watch.
[    5.743268] systemd[1]: Reached target Swap.
[[0;32m  OK  [0m] Reached target Swap.
[    5.745611] systemd[1]: Reached target System Time Synchronized.
[[0;32m  OK  [0m] Reached target System Time Synchronized.
[    5.750210] systemd[1]: Reached target User and Group Name Lookups.
[[0;32m  OK  [0m] Reached target User and Group Name Lookups.
[[0;32m  OK  [0m] Created slice System Slice.
[[0;32m  OK  [0m] Listening on fsck to fsckd communication Socket.
[[0;32m  OK  [0m] Listening on Journal Socket.
[[0;32m  OK  [0m] Listening on LVM2 metadata daemon socket.
         Starting Set the console keyboard layout...
[[0;32m  OK  [0m] Listening on Syslog Socket.
[[0;32m  OK  [0m] Created slice system-serial\x2dgetty.slice.
         Mounting Kernel Debug File System...
         Mounting Huge Pages File System...
         Starting Create list of required st…ce nodes for the current kernel...
[[0;32m  OK  [0m] Listening on /dev/initctl Compatibility Named Pipe.
         Mounting POSIX Message Queue File System...
[[0;32m  OK  [0m] Listening on udev Kernel Socket.
[[0;32m  OK  [0m] Listening on LVM2 poll daemon socket.
[[0;32m  OK  [0m] Listening on Device-mapper event daemon FIFOs.
         Starting Monitoring of LVM2 mirrors…ng dmeventd or progress polling...
[[0;32m  OK  [0m] Set up automount Arbitrary Executab…rmats File System Automount Point.
[[0;32m  OK  [0m] Listening on Network Service Netlink Socket.
         Starting File System Check on Root Device...
[[0;32m  OK  [0m] Created slice User and Session Slice.
         Starting Load Kernel Modules...
[[0;32m  OK  [0m] Reached target Slices.
[[0;32m  OK  [0m] Listening on udev Control Socket.
[    5.958511] Loading iSCSI transport class v2.0-870.
[[0;32m  OK  [0m] Listening on Journal Audit Socket.
[    5.967885] iscsi: registered transport (tcp)
[[0;32m  OK  [0m] Listening on Journal Socket (/dev/log).
         Starting Journal Service...
[    5.989800] iscsi: registered transport (iser)
         Starting Uncomplicated firewall...
         Starting udev Coldplug all Devices...
[[0;32m  OK  [0m] Mounted Kernel Debug File System.
[[0;32m  OK  [0m] Mounted Huge Pages File System.
[[0;32m  OK  [0m] Started Create list of required sta…vice nodes for the current kernel.
[[0;32m  OK  [0m] Mounted POSIX Message Queue File System.
[[0;32m  OK  [0m] Started File System Check on Root Device.
[[0;32m  OK  [0m] Started Load Kernel Modules.
[[0;32m  OK  [0m] Started Uncomplicated firewall.
[[0;32m  OK  [0m] Started File System Check Daemon to report status.
[[0;32m  OK  [0m] Started LVM2 metadata daemon.
         Mounting Kernel Configuration File System...
         Mounting FUSE Control File System...
         Starting Apply Kernel Variables...
         Starting Remount Root and Kernel File Systems...
         Starting Create Static Device Nodes in /dev...
[[0;32m  OK  [0m] Started Journal Service.
[[0;32m  OK  [0m] Mounted Kernel Configuration File System.
[[0;32m  OK  [0m] Mounted FUSE Control File System.
[[0;32m  OK  [0m] Started Create Static Device Nodes in /dev.
[[0;32m  OK  [0m] Started udev Coldplug all Devices.
[[0;32m  OK  [0m] Started Apply Kernel Variables.
[[0;32m  OK  [0m] Started Remount Root and Kernel File Systems.
         Starting Load/Save Random Seed...
         Starting Flush Journal to Persistent Storage...
         Starting udev Kernel Device Manager...
[[0;32m  OK  [0m] Started Monitoring of LVM2 mirrors,…sing dmeventd or progress polling.
[[0;32m  OK  [0m] Started Load/Save Random Seed.
[[0;32m  OK  [0m] Started udev Kernel Device Manager.
[[0;32m  OK  [0m] Started Flush Journal to Persistent Storage.
[[0;32m  OK  [0m] Found device /dev/ttyS0.
[[0;32m  OK  [0m] Listening on Load/Save RF Kill Switch Status /dev/rfkill Watch.
[[0;32m  OK  [0m] Started Set the console keyboard layout.
[[0;32m  OK  [0m] Reached target Local File Systems (Pre).
[[0;32m  OK  [0m] Reached target Local File Systems.
         Starting Create Volatile Files and Directories...
         Starting Set console font and keymap...
         Starting Tell Plymouth To Write Out Runtime Data...
         Starting Commit a transient machine-id on disk...
         Starting ebtables ruleset management...
         Starting AppArmor initialization...
[[0;32m  OK  [0m] Started Dispatch Password Requests to Console Directory Watch.
[[0;32m  OK  [0m] Reached target Local Encrypted Volumes.
[[0;32m  OK  [0m] Started Create Volatile Files and Directories.
[[0;32m  OK  [0m] Started Set console font and keymap.
[[0;32m  OK  [0m] Started Tell Plymouth To Write Out Runtime Data.
         Starting Update UTMP about System Boot/Shutdown...
[[0;32m  OK  [0m] Started Update UTMP about System Boot/Shutdown.
[[0;32m  OK  [0m] Started Commit a transient machine-id on disk.
[[0;32m  OK  [0m] Started ebtables ruleset management.
[[0;32m  OK  [0m] Started AppArmor initialization.
         Starting Initial cloud-init job (pre-networking)...
         Starting Load AppArmor profiles managed internally by snapd...
[[0;32m  OK  [0m] Started Load AppArmor profiles managed internally by snapd.
[    9.370829] cloud-init[594]: Cloud-init v. 22.2-0ubuntu1~18.04.3 running 'init-local' at Fri, 30 Sep 2022 13:26:48 +0000. Up 8.94 seconds.
[[0;32m  OK  [0m] Started Initial cloud-init job (pre-networking).
[[0;32m  OK  [0m] Reached target Network (Pre).
         Starting Network Service...
[[0;32m  OK  [0m] Started Network Service.
         Starting Wait for Network to be Configured...
         Starting Network Name Resolution...
[[0;32m  OK  [0m] Started Network Name Resolution.
[[0;32m  OK  [0m] Reached target Network.
[[0;32m  OK  [0m] Reached target Host and Network Name Lookups.
[[0;32m  OK  [0m] Started Wait for Network to be Configured.
         Starting Initial cloud-init job (metadata service crawler)...
[   12.294149] cloud-init[716]: Cloud-init v. 22.2-0ubuntu1~18.04.3 running 'init' at Fri, 30 Sep 2022 13:26:51 +0000. Up 12.04 seconds.
[   12.296514] cloud-init[716]: ci-info: ++++++++++++++++++++++++++++++++++++++Net device info+++++++++++++++++++++++++++++++++++++++
[   12.299343] cloud-init[716]: ci-info: +--------+-------+----------------------------+---------------+--------+-------------------+
[   12.312599] cloud-init[716]: ci-info: | Device |   Up  |          Address           |      Mask     | Scope  |     Hw-Address    |
[   12.316015] cloud-init[716]: ci-info: +--------+-------+----------------------------+---------------+--------+-------------------+
[   12.318462] cloud-init[716]: ci-info: | enp0s3 |  True |         10.0.2.15          | 255.255.255.0 | global | 02:12:a5:46:f1:8c |
[   12.328280] cloud-init[716]: ci-info: | enp0s3 |  True | fe80::12:a5ff:fe46:f18c/64 |       .       |  link  | 02:12:a5:46:f1:8c |
[   12.344378] cloud-init[716]: ci-info: | enp0s8 | False |             .              |       .       |   .    | 08:00:27:81:3c:25 |
[   12.347981] cloud-init[716]: ci-info: |   lo   |  True |         127.0.0.1          |   255.0.0.0   |  host  |         .         |
[   12.350745] cloud-init[716]: ci-info: |   lo   |  True |          ::1/128           |       .       |  host  |         .         |
[   12.353409] cloud-init[716]: ci-info: +--------+-------+----------------------------+---------------+--------+-------------------+
[   12.355167] cloud-init[716]: ci-info: ++++++++++++++++++++++++++++Route IPv4 info+++++++++++++++++++++++++++++
[   12.357007] cloud-init[716]: ci-info: +-------+-------------+----------+-----------------+-----------+-------+
[   12.358321] cloud-init[716]: ci-info: | Route | Destination | Gateway  |     Genmask     | Interface | Flags |
[   12.360384] cloud-init[716]: ci-info: +-------+-------------+----------+-----------------+-----------+-------+
[   12.372326] cloud-init[716]: ci-info: |   0   |   0.0.0.0   | 10.0.2.2 |     0.0.0.0     |   enp0s3  |   UG  |
[   12.374344] cloud-init[716]: ci-info: |   1   |   10.0.2.0  | 0.0.0.0  |  255.255.255.0  |   enp0s3  |   U   |
[   12.392277] cloud-init[716]: ci-info: |   2   |   10.0.2.2  | 0.0.0.0  | 255.255.255.255 |   enp0s3  |   UH  |
[   12.395313] cloud-init[716]: ci-info: +-------+-------------+----------+-----------------+-----------+-------+
[   12.410904] cloud-init[716]: ci-info: +++++++++++++++++++Route IPv6 info+++++++++++++++++++
[   12.413877] cloud-init[716]: ci-info: +-------+-------------+---------+-----------+-------+
[   12.417991] cloud-init[716]: ci-info: | Route | Destination | Gateway | Interface | Flags |
[   12.421924] cloud-init[716]: ci-info: +-------+-------------+---------+-----------+-------+
[   12.426007] cloud-init[716]: ci-info: |   1   |  fe80::/64  |    ::   |   enp0s3  |   U   |
[   12.429272] cloud-init[716]: ci-info: |   3   |    local    |    ::   |   enp0s3  |   U   |
[   12.432865] cloud-init[716]: ci-info: |   4   |   ff00::/8  |    ::   |   enp0s3  |   U   |
[   12.438951] cloud-init[716]: ci-info: +-------+-------------+---------+-----------+-------+
[   13.716687] cloud-init[716]: Generating public/private rsa key pair.
[   13.720455] cloud-init[716]: Your identification has been saved in /etc/ssh/ssh_host_rsa_key.
[   13.723603] cloud-init[716]: Your public key has been saved in /etc/ssh/ssh_host_rsa_key.pub.
[   13.737068] cloud-init[716]: The key fingerprint is:
[   13.748826] cloud-init[716]: SHA256:oLYkpCUOVpXMAb++4Oew5+hpnXKH4l4C0EXpmp2Uj/4 root@ubuntu-bionic
[   13.765976] cloud-init[716]: The key's randomart image is:
[   13.776666] cloud-init[716]: +---[RSA 2048]----+
[   13.778700] cloud-init[716]: |   +B+o          |
[   13.780551] cloud-init[716]: | ...o+           |
[   13.783550] cloud-init[716]: |+.+. o.          |
[   13.786942] cloud-init[716]: |==  +...         |
[   13.800748] cloud-init[716]: |.o.=+=  S        |
[   13.812854] cloud-init[716]: |  ++=..          |
[   13.824329] cloud-init[716]: |   =ooo          |
[   13.826021] cloud-init[716]: |  .+XB..         |
[   13.827712] cloud-init[716]: |  =OO=E          |
[   13.840498] cloud-init[716]: +----[SHA256]-----+
[   13.841886] cloud-init[716]: Generating public/private dsa key pair.
[   13.843606] cloud-init[[0;32m  OK  [0m] Started Initial cloud-init job (metadata service crawler).
[[0;32m  OK  [0m] Reached target Cloud-config availability.
[[0;32m  OK  [0m] Reached target Network is Online.
[716]: [[0;32m  OK  [0m] Reached target Remote File Systems (Pre).
[[0;32m  OK  [0m] Reached target Remote File Systems.
Your identification has been saved in /etc/ssh/ssh_host_dsa_key.
[   13.853378] cloud-init[716]: Your public key has been saved in /etc/ssh/ssh_host_dsa_key.pub.
         Starting Availability of block devices...[   13.857087] 
[[0;32m  OK  [0m] Reached target System Initialization.
[[0;32m  OK  [0m] Started Message of the Day.
cloud-init[716]: The key fingerprint is:
[   13.861587] cloud-init[716]: SHA256:kbF0DLIrzdGXcvRo1uLnM9V7xlQp5wEerb5JuTQosUY root@ubuntu-bionic
[   13.862819] cloud-init[716]: The key's randomart image is:
[   13.862872] cloud-init[716]: +---[DSA 1024]----+
[   13.862921] cloud-init[716]: |      . +oo  o.  |
[   13.862967] cloud-init[716]: |       = *.=. o..|
[   13.863016] cloud-init[716]: |      o * O oo.+.|
[   13.863059] cloud-init[716]: |     o o E . .+.o|
[   13.863098] cloud-init[716]: |    . + S + + o.o|
[   13.863136] cloud-init[716]: |     .   + + B o.|
[   13.863178] cloud-init[716]: |        . . * =.+|
[   13.863221] cloud-init[716]: |             * ..|
[   13.863261] cloud-init[716]: |                 |
[   13.863305] cloud-init[716]: +----[SHA256]-----+
[   13.863350] cloud-init[716]: Generating public/private ecdsa key pair.
[   13.863394] cloud-init[716]: Your identification has been saved in /etc/ssh/ssh_host_ecdsa_key.
[   13.863435] cloud-init[716]: Your public key has been saved in /etc/ssh/ssh_host_ecdsa_key.pub.
[   13.863475] cloud-init[716]: The key fingerprint is:
[   13.863524] cloud-init[716]: SHA256:CeLbRrrE7Nog/LR+jyIs2OaFHhhbDnv7QAXsurBXfgM root@ubuntu-bionic
[   13.863570] cloud-init[716]: The key's randomart image is:
[   13.863615] cloud-init[716]: +---[ECDSA 256]---+
[   13.863663] cloud-init[716]: | ..              |
[   13.863710] cloud-init[716]: |  ..             |
         Starting Socket activation for snappy daemon.
[[0;32m  OK  [0m] Listening on ACPID Listen Socket.
[[0;32m  OK  [0m] Listening on D-Bus System Message Bus Socket.
[[0;32m  OK  [0m] Started Daily Cleanup of Temporary Directories.
[[0;32m  OK  [0m] Listening on cloud-init hotplug hook socket.
[[0;32m  OK  [0m] Started Discard unused blocks once a week.
[[0;32m  OK  [0m] Started Daily apt download activities.
[   13.865532]          Starting LXD - unix socket.
[[0;32m  OK  [0m] Started Daily apt upgrade and clean activities.
cloud-init[716]: | .  o .          |
[[0;32m  OK  [0m] Started ACPI Events Check.
[[0;32m  OK  [0m] Reached target Paths.
[[0;32m  OK  [0m] Listening on UUID daemon activation socket.
[[0;32m  OK  [0m] Started Ubuntu Advantage Timer for running repeated jobs.
[[0;32m  OK  [0m] Reached target Timers.
[[0;32m  OK  [0m] Listening on Open-iSCSI iscsid Socket.
[   13.927052] cloud-init[716]: |  .o . . .       |
[   13.953949] cloud-init[716]: |o.o . . S        |
[[0;32m  OK  [0m] Started Availability of block devices.
[   13.956276] cloud-init[716]: |+X +E=           |
[[0;32m  OK  [0m] Listening on Socket activation for snappy daemon.
[   13.959096] cloud-init[716]: |O=B+B.o          |
[   13.960417] cloud-init[716]: |=**@o++          |
[[0;32m  OK  [0m] Listening on LXD - unix socket.
[[0;32m  OK  [0m] Reached target Sockets.
[[0;32m  OK  [0m] Reached target Basic System.
[   13.964627] cloud-init[716]: |.+B*Bo.o         |
[   13.967747]          Starting Permit User Sessions...
cloud-init[716]: +----[SHA256]-----+
[   13.970614]          Starting Dispatcher daemon for systemd-networkd...
cloud-init[716]: Generating public/private ed25519 key pair.
         Starting Virtualbox guest utils...
[   13.978322] cloud-init[716]: Your identification has been saved in /etc/ssh/ssh_host_ed25519_key.
[   13.982348] cloud-init         Starting LXD - container startup/shutdown...
[716]: Your public key has been saved in /etc/ssh/ssh_host_ed25519_key.pub.
[[0;32m  OK  [0m] Started Deferred execution scheduler.
         Starting LSB: Record successful boot for GRUB...
[   14.007877] cloud-init[716]: The key fingerprint is:
[   14.023046] cloud-init[716]: SHA256:LmeFWR6hun48duJpGL3taAnYyUy0EDXUsIlmDPUkbeQ root@ubuntu-bionic
[   14.040217] cloud-init[716]: The key's randomart image is:
[   14.042304] cloud-init[716]: +--[ED25519 256]--+
[   14.044322] cloud-init[716]: |  ..+*Bo  .      |
[   14.060341] cloud-init[716]: |   o.*++.. .     |
[   14.065833] cloud-init[716]: |    =+E.. o      |
[   14.068459] cloud-init[716]: |   o  o. = .     |
[   14.077533] cloud-init[716]: |     *.oS o      |
[   14.080474] cloud-init[716]: |    . Bo..       |
[   14.085237] cloud-init[716]: |      o=++       |
[   14.088590] cloud-init[716]: |     ..+@oo      |
[   14.100892] cloud-init[716]: |      .*+=.      |
[   14.101914] cloud-init[716]: +----[SHA256]-----+
[[0;32m  OK  [0m] Started irqbalance daemon.
         Starting Login Service...
         Starting LSB: automatic crash report generation...
         Starting Accounts Service...
         Starting Pollinate to seed the pseudo random number generator...
[[0;32m  OK  [0m] Started D-Bus System Message Bus.
[[0;32m  OK  [0m] Started Login Service.
[[0;32m  OK  [0m] Started Unattended Upgrades Shutdown.
[[0;32m  OK  [0m] Started Regular background program processing daemon.
         Starting Snap Daemon...
         Starting System Logging Service...
[[0;32m  OK  [0m] Started FUSE filesystem for LXC.
[[0;32m  OK  [0m] Started Permit User Sessions.
[[0;32m  OK  [0m] Started LXD - container startup/shutdown.
         Starting Authorization Manager...
         Starting Terminate Plymouth Boot Screen...
         Starting Hold until boot process finishes up...
[[0;32m  OK  [0m] Started System Logging Service.
[[0;32m  OK  [0m] Started Terminate Plymouth Boot Screen.
[[0;32m  OK  [0m] Started Hold until boot process finishes up.
         Starting Set console scheme...
[[0;32m  OK  [0m] Started Serial Getty on ttyS0.
[[0;32m  OK  [0m] Started Set console scheme.
[[0;32m  OK  [0m] Created slice system-getty.slice.
[[0;32m  OK  [0m] Started Getty on tty1.
[[0;32m  OK  [0m] Reached target Login Prompts.
[[0;32m  OK  [0m] Started LSB: Record successful boot for GRUB.
[[0;32m  OK  [0m] Started LSB: automatic crash report generation.
[[0;32m  OK  [0m] Started Authorization Manager.
[[0;32m  OK  [0m] Started Accounts Service.
[[0;32m  OK  [0m] Started Virtualbox guest utils.
[[0;32m  OK  [0m] Started Dispatcher daemon for systemd-networkd.
[[0;32m  OK  [0m] Started Snap Daemon.
         Starting Wait until snapd is fully seeded...
         Starting Time & Date Service...
[[0;32m  OK  [0m] Started Pollinate to seed the pseudo random number generator.
         Starting OpenBSD Secure Shell server...
[[0;32m  OK  [0m] Started Time & Date Service.
[[0;32m  OK  [0m] Started OpenBSD Secure Shell server.
[[0;32m  OK  [0m] Created slice User Slice of vagrant.
         Starting User Manager for UID 1000...
[[0;32m  OK  [0m] Started Session 1 of user vagrant.
[[0;32m  OK  [0m] Started User Manager for UID 1000.
[[0;32m  OK  [0m] Started Wait until snapd is fully seeded.
         Starting Apply the settings specified in cloud-config...
[   18.672591] cloud-init[1230]: Cloud-init v. 22.2-0ubuntu1~18.04.3 running 'modules:config' at Fri, 30 Sep 2022 13:26:57 +0000. Up 17.71 seconds.
[[0;32m  OK  [0m] Started Apply the settings specified in cloud-config.
[[0;32m  OK  [0m] Reached target Multi-User System.
[[0;32m  OK  [0m] Reached target Graphical Interface.
         Starting Update UTMP about System Runlevel Changes...
         Starting Execute cloud user/final scripts...
[[0;32m  OK  [0m] Started Update UTMP about System Runlevel Changes.
ci-info: no authorized SSH keys fingerprints found for user ubuntu.
<14>Sep 30 13:26:59 cloud-init: #############################################################
<14>Sep 30 13:26:59 cloud-init: -----BEGIN SSH HOST KEY FINGERPRINTS-----
<14>Sep 30 13:26:59 cloud-init: 1024 SHA256:kbF0DLIrzdGXcvRo1uLnM9V7xlQp5wEerb5JuTQosUY root@ubuntu-bionic (DSA)
<14>Sep 30 13:26:59 cloud-init: 256 SHA256:CeLbRrrE7Nog/LR+jyIs2OaFHhhbDnv7QAXsurBXfgM root@ubuntu-bionic (ECDSA)
<14>Sep 30 13:26:59 cloud-init: 256 SHA256:LmeFWR6hun48duJpGL3taAnYyUy0EDXUsIlmDPUkbeQ root@ubuntu-bionic (ED25519)
<14>Sep 30 13:26:59 cloud-init: 2048 SHA256:oLYkpCUOVpXMAb++4Oew5+hpnXKH4l4C0EXpmp2Uj/4 root@ubuntu-bionic (RSA)
<14>Sep 30 13:26:59 cloud-init: -----END SSH HOST KEY FINGERPRINTS-----
<14>Sep 30 13:26:59 cloud-init: #############################################################
-----BEGIN SSH HOST KEY KEYS-----
ecdsa-sha2-nistp256 AAAAE2VjZHNhLXNoYTItbmlzdHAyNTYAAAAIbmlzdHAyNTYAAABBBB6z6yeYsBnZ3MKh7AVeSIEAJ8MGXLO5Ft+GKcF2rxcCfGqnScUDM2dSkIbGdUx1tOrA3CzfEfU/5Jfl5DakKe0= root@ubuntu-bionic
ssh-ed25519 AAAAC3NzaC1lZDI1NTE5AAAAIL3Lyb+4tvUr1AX47vXlS87+1PoNvmaSTx0RXRtI0rPi root@ubuntu-bionic
ssh-rsa AAAAB3NzaC1yc2EAAAADAQABAAABAQDEY233X9HHorWHkmP5w/M58i3cX9sbEP6r4dJapHI+zXW9hp+FNCqfTp9Yusyt/cpdAbLwbsYFJB8OZLWwMMipLXwDe6uHm22+lxLIQEEnoFKJB1mrFGN6VFaC7YNJvJ0GmzmNpUvYxmd+LE+HNZArqSITPnEGWiEk3kBJyLdFeSYnL/LkkgYsFG2kv51zY9EPuDkWkB5k34Lc8pHW/mfZh924w5XmqxbXOlPGNV3A8A9R0zw/hI8VfLpJ+N1IZ31wyC/tPoz9Rkb2vkzfOXFY83OXzrtYFus+EXBGDry3fXmlq/BfBXN0BvCsoOLJMiOaBFHQFXQNLuUksTxnZ72H root@ubuntu-bionic
-----END SSH HOST KEY KEYS-----
[   19.751836] cloud-init[1322]: Cloud-init v. 22.2-0ubuntu1~18.04.3 running 'modules:final' at Fri, 30 Sep 2022 13:26:59 +0000. Up 19.52 seconds.
[   19.751953] cloud-init[1322]: Cloud-init v. 22.2-0ubuntu1~18.04.3 finished at Fri, 30 Sep 2022 13:26:59 +0000. Datasource DataSourceNoCloud [seed=/dev/sdb][dsmode=net].  Up 19.73 seconds

Ubuntu 18.04.6 LTS ubuntu-bionic ttyS0

ubuntu-bionic login: 